2017-06-09 12:23:39 DEBUG LoggerFilter:66 - [Reuqest] URI=/WBS/xinan/xinan/search.action
2017-06-09 12:23:39 DEBUG LoggerFilter:67 - [Reuqest] ContentType=application/x-www-form-urlencoded
2017-06-09 12:23:39 DEBUG LoggerFilter:75 - 	 [Parameter] Cname=
2017-06-09 12:23:39 DEBUG LoggerFilter:75 - 	 [Parameter] NapaId=
2017-06-09 12:23:39 DEBUG SearchAction:37 - ############login#########
2017-06-09 12:23:39 DEBUG Criteria:263 - SELECT NAPAId,SECURITY,CNAME,SUBCNAME,ADDRESS FROM NAPA_STORES_TBL
2017-06-09 12:23:39 DEBUG Criteria:295 - Fetch Result : 13 件
2017-06-09 12:23:41 DEBUG LoggerFilter:59 - Status Code: 200
2017-06-09 12:23:41 DEBUG LoggerFilter:66 - [Reuqest] URI=/WBS/assets/i/logo.png
2017-06-09 12:23:41 DEBUG LoggerFilter:67 - [Reuqest] ContentType=null
2017-06-09 12:23:41 DEBUG LoggerFilter:59 - Status Code: 304
2017-06-09 12:23:41 DEBUG LoggerFilter:66 - [Reuqest] URI=/WBS/assets/fonts/fontawesome-webfont.woff2
2017-06-09 12:23:41 DEBUG LoggerFilter:67 - [Reuqest] ContentType=null
2017-06-09 12:23:41 DEBUG LoggerFilter:75 - 	 [Parameter] v=4.3.0
2017-06-09 12:23:41 DEBUG LoggerFilter:59 - Status Code: 304
2017-06-09 12:23:41 DEBUG LoggerFilter:66 - [Reuqest] URI=/WBS/assets/i/icoAdd.png
2017-06-09 12:23:41 DEBUG LoggerFilter:67 - [Reuqest] ContentType=null
2017-06-09 12:23:41 DEBUG LoggerFilter:59 - Status Code: 304
2017-06-09 12:24:39 DEBUG LoggerFilter:66 - [Reuqest] URI=/WBS/xinan/xinan/search.action
2017-06-09 12:24:39 DEBUG LoggerFilter:67 - [Reuqest] ContentType=application/x-www-form-urlencoded
2017-06-09 12:24:39 DEBUG LoggerFilter:75 - 	 [Parameter] Cname=
2017-06-09 12:24:39 DEBUG LoggerFilter:75 - 	 [Parameter] NapaId=
2017-06-09 12:24:39 DEBUG SearchAction:37 - ############login#########
2017-06-09 12:24:39 DEBUG Criteria:263 - SELECT NAPAId,SECURITY,CNAME,SUBCNAME,ADDRESS FROM NAPA_STORES_TBL
2017-06-09 12:24:39 DEBUG Criteria:295 - Fetch Result : 13 件
2017-06-09 12:24:40 DEBUG LoggerFilter:59 - Status Code: 200
2017-06-09 12:26:35 DEBUG LoggerFilter:66 - [Reuqest] URI=/WBS/xinan/xinan/search.action
2017-06-09 12:26:35 DEBUG LoggerFilter:67 - [Reuqest] ContentType=application/x-www-form-urlencoded
2017-06-09 12:26:35 DEBUG LoggerFilter:75 - 	 [Parameter] Cname=
2017-06-09 12:26:35 DEBUG LoggerFilter:75 - 	 [Parameter] NapaId=
2017-06-09 12:26:35 DEBUG SearchAction:37 - ############login#########
2017-06-09 12:26:35 DEBUG Criteria:263 - SELECT NAPAId,SECURITY,CNAME,SUBCNAME,ADDRESS FROM NAPA_STORES_TBL
2017-06-09 12:26:35 DEBUG Criteria:295 - Fetch Result : 13 件
2017-06-09 12:26:35 DEBUG LoggerFilter:59 - Status Code: 200
2017-06-09 12:26:59 DEBUG LoggerFilter:66 - [Reuqest] URI=/WBS/xinan/xinan/search.action
2017-06-09 12:26:59 DEBUG LoggerFilter:67 - [Reuqest] ContentType=application/x-www-form-urlencoded
2017-06-09 12:26:59 DEBUG LoggerFilter:75 - 	 [Parameter] Cname=
2017-06-09 12:26:59 DEBUG LoggerFilter:75 - 	 [Parameter] NapaId=
2017-06-09 12:26:59 DEBUG SearchAction:37 - ############login#########
2017-06-09 12:26:59 DEBUG Criteria:263 - SELECT NAPAId,SECURITY,CNAME,SUBCNAME,ADDRESS FROM NAPA_STORES_TBL
2017-06-09 12:26:59 DEBUG Criteria:295 - Fetch Result : 13 件
2017-06-09 12:26:59 DEBUG LoggerFilter:59 - Status Code: 200
2017-06-09 12:27:38 DEBUG LoggerFilter:66 - [Reuqest] URI=/WBS/xinan/xinan/search.action
2017-06-09 12:27:38 DEBUG LoggerFilter:67 - [Reuqest] ContentType=application/x-www-form-urlencoded
2017-06-09 12:27:38 DEBUG LoggerFilter:75 - 	 [Parameter] Cname=
2017-06-09 12:27:38 DEBUG LoggerFilter:75 - 	 [Parameter] NapaId=
2017-06-09 12:27:38 DEBUG SearchAction:37 - ############login#########
2017-06-09 12:27:38 DEBUG Criteria:263 - SELECT NAPAId,SECURITY,CNAME,SUBCNAME,ADDRESS FROM NAPA_STORES_TBL
2017-06-09 12:27:38 DEBUG Criteria:295 - Fetch Result : 13 件
2017-06-09 12:27:39 DEBUG LoggerFilter:59 - Status Code: 200
2017-06-09 12:28:02 DEBUG LoggerFilter:66 - [Reuqest] URI=/WBS/xinan/xinan/search.action
2017-06-09 12:28:02 DEBUG LoggerFilter:67 - [Reuqest] ContentType=application/x-www-form-urlencoded
2017-06-09 12:28:02 DEBUG LoggerFilter:75 - 	 [Parameter] Cname=
2017-06-09 12:28:02 DEBUG LoggerFilter:75 - 	 [Parameter] NapaId=
2017-06-09 12:28:02 DEBUG SearchAction:37 - ############login#########
2017-06-09 12:28:02 DEBUG Criteria:263 - SELECT NAPAId,SECURITY,CNAME,SUBCNAME,ADDRESS FROM NAPA_STORES_TBL
2017-06-09 12:28:02 DEBUG Criteria:295 - Fetch Result : 13 件
2017-06-09 12:28:02 DEBUG LoggerFilter:59 - Status Code: 200
2017-06-09 12:28:39 DEBUG LoggerFilter:66 - [Reuqest] URI=/WBS/xinan/xinan/search.action
2017-06-09 12:28:39 DEBUG LoggerFilter:67 - [Reuqest] ContentType=application/x-www-form-urlencoded
2017-06-09 12:28:39 DEBUG LoggerFilter:75 - 	 [Parameter] Cname=
2017-06-09 12:28:39 DEBUG LoggerFilter:75 - 	 [Parameter] NapaId=
2017-06-09 12:28:39 DEBUG SearchAction:37 - ############login#########
2017-06-09 12:28:39 DEBUG Criteria:263 - SELECT NAPAId,SECURITY,CNAME,SUBCNAME,ADDRESS FROM NAPA_STORES_TBL
2017-06-09 12:28:39 DEBUG Criteria:295 - Fetch Result : 13 件
2017-06-09 12:28:39 DEBUG LoggerFilter:59 - Status Code: 200
2017-06-09 12:32:34 DEBUG LoggerFilter:66 - [Reuqest] URI=/WBS/xinan/xinan/search.action
2017-06-09 12:32:34 DEBUG LoggerFilter:67 - [Reuqest] ContentType=application/x-www-form-urlencoded
2017-06-09 12:32:34 DEBUG LoggerFilter:75 - 	 [Parameter] Cname=
2017-06-09 12:32:34 DEBUG LoggerFilter:75 - 	 [Parameter] NapaId=
2017-06-09 12:32:34 DEBUG SearchAction:37 - ############login#########
2017-06-09 12:32:34 DEBUG Criteria:263 - SELECT NAPAId,SECURITY,CNAME,SUBCNAME,ADDRESS FROM NAPA_STORES_TBL
2017-06-09 12:32:34 DEBUG Criteria:295 - Fetch Result : 13 件
2017-06-09 12:32:34 DEBUG LoggerFilter:59 - Status Code: 200
2017-06-09 12:33:26 DEBUG LoggerFilter:66 - [Reuqest] URI=/WBS/xinan/xinan/search.action
2017-06-09 12:33:26 DEBUG LoggerFilter:67 - [Reuqest] ContentType=application/x-www-form-urlencoded
2017-06-09 12:33:26 DEBUG LoggerFilter:75 - 	 [Parameter] Cname=
2017-06-09 12:33:26 DEBUG LoggerFilter:75 - 	 [Parameter] NapaId=
2017-06-09 12:33:26 DEBUG SearchAction:37 - ############login#########
2017-06-09 12:33:26 DEBUG Criteria:263 - SELECT NAPAId,SECURITY,CNAME,SUBCNAME,ADDRESS FROM NAPA_STORES_TBL
2017-06-09 12:33:26 DEBUG Criteria:295 - Fetch Result : 13 件
2017-06-09 12:33:26 DEBUG LoggerFilter:59 - Status Code: 200
2017-06-09 12:33:52 DEBUG LoggerFilter:66 - [Reuqest] URI=/WBS/xinan/xinan/search.action
2017-06-09 12:33:52 DEBUG LoggerFilter:67 - [Reuqest] ContentType=application/x-www-form-urlencoded
2017-06-09 12:33:52 DEBUG LoggerFilter:75 - 	 [Parameter] Cname=
2017-06-09 12:33:52 DEBUG LoggerFilter:75 - 	 [Parameter] NapaId=
2017-06-09 12:33:52 DEBUG SearchAction:37 - ############login#########
2017-06-09 12:33:52 DEBUG Criteria:263 - SELECT NAPAId,SECURITY,CNAME,SUBCNAME,ADDRESS FROM NAPA_STORES_TBL
2017-06-09 12:33:52 DEBUG Criteria:295 - Fetch Result : 13 件
2017-06-09 12:33:53 DEBUG LoggerFilter:59 - Status Code: 200
2017-06-09 12:34:30 DEBUG LoggerFilter:66 - [Reuqest] URI=/WBS/xinan/xinan/search.action
2017-06-09 12:34:30 DEBUG LoggerFilter:67 - [Reuqest] ContentType=application/x-www-form-urlencoded
2017-06-09 12:34:30 DEBUG LoggerFilter:75 - 	 [Parameter] Cname=
2017-06-09 12:34:30 DEBUG LoggerFilter:75 - 	 [Parameter] NapaId=
2017-06-09 12:34:30 DEBUG SearchAction:37 - ############login#########
2017-06-09 12:34:30 DEBUG Criteria:263 - SELECT NAPAId,SECURITY,CNAME,SUBCNAME,ADDRESS FROM NAPA_STORES_TBL
2017-06-09 12:34:30 DEBUG Criteria:295 - Fetch Result : 13 件
2017-06-09 12:34:30 DEBUG LoggerFilter:59 - Status Code: 200
2017-06-09 12:35:09 DEBUG LoggerFilter:66 - [Reuqest] URI=/WBS/xinan/xinan/search.action
2017-06-09 12:35:09 DEBUG LoggerFilter:67 - [Reuqest] ContentType=application/x-www-form-urlencoded
2017-06-09 12:35:09 DEBUG LoggerFilter:75 - 	 [Parameter] Cname=
2017-06-09 12:35:09 DEBUG LoggerFilter:75 - 	 [Parameter] NapaId=
2017-06-09 12:35:09 DEBUG SearchAction:37 - ############login#########
2017-06-09 12:35:09 DEBUG Criteria:263 - SELECT NAPAId,SECURITY,CNAME,SUBCNAME,ADDRESS FROM NAPA_STORES_TBL
2017-06-09 12:35:09 DEBUG Criteria:295 - Fetch Result : 13 件
2017-06-09 12:35:09 DEBUG LoggerFilter:59 - Status Code: 200
2017-06-09 12:36:45 DEBUG LoggerFilter:66 - [Reuqest] URI=/WBS/xinan/xinan/search.action
2017-06-09 12:36:45 DEBUG LoggerFilter:67 - [Reuqest] ContentType=application/x-www-form-urlencoded
2017-06-09 12:36:45 DEBUG LoggerFilter:75 - 	 [Parameter] Cname=
2017-06-09 12:36:45 DEBUG LoggerFilter:75 - 	 [Parameter] NapaId=
2017-06-09 12:36:45 DEBUG SearchAction:37 - ############login#########
2017-06-09 12:36:45 DEBUG Criteria:263 - SELECT NAPAId,SECURITY,CNAME,SUBCNAME,ADDRESS FROM NAPA_STORES_TBL
2017-06-09 12:36:45 DEBUG Criteria:295 - Fetch Result : 13 件
2017-06-09 12:36:46 DEBUG LoggerFilter:59 - Status Code: 200
2017-06-09 12:37:27 DEBUG LoggerFilter:66 - [Reuqest] URI=/WBS/xinan/xinan/search.action
2017-06-09 12:37:27 DEBUG LoggerFilter:67 - [Reuqest] ContentType=application/x-www-form-urlencoded
2017-06-09 12:37:27 DEBUG LoggerFilter:75 - 	 [Parameter] Cname=
2017-06-09 12:37:27 DEBUG LoggerFilter:75 - 	 [Parameter] NapaId=
2017-06-09 12:37:27 DEBUG SearchAction:37 - ############login#########
2017-06-09 12:37:27 DEBUG Criteria:263 - SELECT NAPAId,SECURITY,CNAME,SUBCNAME,ADDRESS FROM NAPA_STORES_TBL
2017-06-09 12:37:27 DEBUG Criteria:295 - Fetch Result : 13 件
2017-06-09 12:37:28 DEBUG LoggerFilter:59 - Status Code: 200
2017-06-09 12:37:57 DEBUG LoggerFilter:66 - [Reuqest] URI=/WBS/xinan/xinan/search.action
2017-06-09 12:37:57 DEBUG LoggerFilter:67 - [Reuqest] ContentType=application/x-www-form-urlencoded
2017-06-09 12:37:57 DEBUG LoggerFilter:75 - 	 [Parameter] Cname=
2017-06-09 12:37:57 DEBUG LoggerFilter:75 - 	 [Parameter] NapaId=
2017-06-09 12:37:57 DEBUG SearchAction:37 - ############login#########
2017-06-09 12:37:57 DEBUG Criteria:263 - SELECT NAPAId,SECURITY,CNAME,SUBCNAME,ADDRESS FROM NAPA_STORES_TBL
2017-06-09 12:37:57 DEBUG Criteria:295 - Fetch Result : 13 件
2017-06-09 12:37:57 DEBUG LoggerFilter:59 - Status Code: 200
2017-06-09 12:38:45 DEBUG LoggerFilter:66 - [Reuqest] URI=/WBS/xinan/xinan/search.action
2017-06-09 12:38:45 DEBUG LoggerFilter:67 - [Reuqest] ContentType=application/x-www-form-urlencoded
2017-06-09 12:38:45 DEBUG LoggerFilter:75 - 	 [Parameter] Cname=
2017-06-09 12:38:45 DEBUG LoggerFilter:75 - 	 [Parameter] NapaId=
2017-06-09 12:38:45 DEBUG SearchAction:37 - ############login#########
2017-06-09 12:38:45 DEBUG Criteria:263 - SELECT NAPAId,SECURITY,CNAME,SUBCNAME,ADDRESS FROM NAPA_STORES_TBL
2017-06-09 12:38:45 DEBUG Criteria:295 - Fetch Result : 13 件
2017-06-09 12:38:45 DEBUG LoggerFilter:59 - Status Code: 200
2017-06-09 12:38:58 DEBUG LoggerFilter:66 - [Reuqest] URI=/WBS/xinan/xinan/search.action
2017-06-09 12:38:58 DEBUG LoggerFilter:67 - [Reuqest] ContentType=application/x-www-form-urlencoded
2017-06-09 12:38:58 DEBUG LoggerFilter:75 - 	 [Parameter] Cname=
2017-06-09 12:38:58 DEBUG LoggerFilter:75 - 	 [Parameter] NapaId=
2017-06-09 12:38:58 DEBUG SearchAction:37 - ############login#########
2017-06-09 12:38:58 DEBUG Criteria:263 - SELECT NAPAId,SECURITY,CNAME,SUBCNAME,ADDRESS FROM NAPA_STORES_TBL
2017-06-09 12:38:58 DEBUG Criteria:295 - Fetch Result : 13 件
2017-06-09 12:38:58 DEBUG LoggerFilter:59 - Status Code: 200
2017-06-09 12:39:05 DEBUG LoggerFilter:66 - [Reuqest] URI=/WBS/xinan/xinan/search.action
2017-06-09 12:39:05 DEBUG LoggerFilter:67 - [Reuqest] ContentType=application/x-www-form-urlencoded
2017-06-09 12:39:05 DEBUG LoggerFilter:75 - 	 [Parameter] Cname=
2017-06-09 12:39:05 DEBUG LoggerFilter:75 - 	 [Parameter] NapaId=
2017-06-09 12:39:05 DEBUG SearchAction:37 - ############login#########
2017-06-09 12:39:05 DEBUG Criteria:263 - SELECT NAPAId,SECURITY,CNAME,SUBCNAME,ADDRESS FROM NAPA_STORES_TBL
2017-06-09 12:39:05 DEBUG Criteria:295 - Fetch Result : 13 件
2017-06-09 12:39:05 DEBUG LoggerFilter:59 - Status Code: 200
2017-06-09 12:39:39 DEBUG LoggerFilter:66 - [Reuqest] URI=/WBS/xinan/xinan/search.action
2017-06-09 12:39:39 DEBUG LoggerFilter:67 - [Reuqest] ContentType=application/x-www-form-urlencoded
2017-06-09 12:39:39 DEBUG LoggerFilter:75 - 	 [Parameter] Cname=
2017-06-09 12:39:39 DEBUG LoggerFilter:75 - 	 [Parameter] NapaId=
2017-06-09 12:39:39 DEBUG SearchAction:37 - ############login#########
2017-06-09 12:39:39 DEBUG Criteria:263 - SELECT NAPAId,SECURITY,CNAME,SUBCNAME,ADDRESS FROM NAPA_STORES_TBL
2017-06-09 12:39:39 DEBUG Criteria:295 - Fetch Result : 13 件
2017-06-09 12:39:39 DEBUG LoggerFilter:59 - Status Code: 200
2017-06-09 12:41:04 DEBUG LoggerFilter:66 - [Reuqest] URI=/WBS/xinan/xinan/search.action
2017-06-09 12:41:04 DEBUG LoggerFilter:67 - [Reuqest] ContentType=application/x-www-form-urlencoded
2017-06-09 12:41:04 DEBUG LoggerFilter:75 - 	 [Parameter] Cname=
2017-06-09 12:41:04 DEBUG LoggerFilter:75 - 	 [Parameter] NapaId=
2017-06-09 12:41:04 DEBUG SearchAction:37 - ############login#########
2017-06-09 12:41:04 DEBUG Criteria:263 - SELECT NAPAId,SECURITY,CNAME,SUBCNAME,ADDRESS FROM NAPA_STORES_TBL
2017-06-09 12:41:04 DEBUG Criteria:295 - Fetch Result : 13 件
2017-06-09 12:41:04 DEBUG LoggerFilter:59 - Status Code: 200
2017-06-09 12:41:24 DEBUG LoggerFilter:66 - [Reuqest] URI=/WBS/xinan/xinan/search.action
2017-06-09 12:41:24 DEBUG LoggerFilter:67 - [Reuqest] ContentType=application/x-www-form-urlencoded
2017-06-09 12:41:24 DEBUG LoggerFilter:75 - 	 [Parameter] Cname=
2017-06-09 12:41:24 DEBUG LoggerFilter:75 - 	 [Parameter] NapaId=
2017-06-09 12:41:24 DEBUG SearchAction:37 - ############login#########
2017-06-09 12:41:24 DEBUG Criteria:263 - SELECT NAPAId,SECURITY,CNAME,SUBCNAME,ADDRESS FROM NAPA_STORES_TBL
2017-06-09 12:41:24 DEBUG Criteria:295 - Fetch Result : 13 件
2017-06-09 12:41:24 DEBUG LoggerFilter:59 - Status Code: 200
2017-06-09 12:41:38 DEBUG LoggerFilter:66 - [Reuqest] URI=/WBS/xinan/xinan/search.action
2017-06-09 12:41:38 DEBUG LoggerFilter:67 - [Reuqest] ContentType=application/x-www-form-urlencoded
2017-06-09 12:41:38 DEBUG LoggerFilter:75 - 	 [Parameter] Cname=
2017-06-09 12:41:38 DEBUG LoggerFilter:75 - 	 [Parameter] NapaId=
2017-06-09 12:41:38 DEBUG SearchAction:37 - ############login#########
2017-06-09 12:41:38 DEBUG Criteria:263 - SELECT NAPAId,SECURITY,CNAME,SUBCNAME,ADDRESS FROM NAPA_STORES_TBL
2017-06-09 12:41:38 DEBUG Criteria:295 - Fetch Result : 13 件
2017-06-09 12:41:38 DEBUG LoggerFilter:59 - Status Code: 200
2017-06-09 12:42:31 DEBUG LoggerFilter:66 - [Reuqest] URI=/WBS/xinan/xinan/search.action
2017-06-09 12:42:31 DEBUG LoggerFilter:67 - [Reuqest] ContentType=application/x-www-form-urlencoded
2017-06-09 12:42:31 DEBUG LoggerFilter:75 - 	 [Parameter] Cname=
2017-06-09 12:42:31 DEBUG LoggerFilter:75 - 	 [Parameter] NapaId=
2017-06-09 12:42:31 DEBUG SearchAction:37 - ############login#########
2017-06-09 12:42:31 DEBUG Criteria:263 - SELECT NAPAId,SECURITY,CNAME,SUBCNAME,ADDRESS FROM NAPA_STORES_TBL
2017-06-09 12:42:31 DEBUG Criteria:295 - Fetch Result : 13 件
2017-06-09 12:42:31 DEBUG LoggerFilter:59 - Status Code: 200
2017-06-09 12:43:43 DEBUG LoggerFilter:66 - [Reuqest] URI=/WBS/xinan/xinan/search.action
2017-06-09 12:43:43 DEBUG LoggerFilter:67 - [Reuqest] ContentType=application/x-www-form-urlencoded
2017-06-09 12:43:43 DEBUG LoggerFilter:75 - 	 [Parameter] Cname=
2017-06-09 12:43:43 DEBUG LoggerFilter:75 - 	 [Parameter] NapaId=
2017-06-09 12:43:43 DEBUG SearchAction:37 - ############login#########
2017-06-09 12:43:43 DEBUG Criteria:263 - SELECT NAPAId,SECURITY,CNAME,SUBCNAME,ADDRESS FROM NAPA_STORES_TBL
2017-06-09 12:43:43 DEBUG Criteria:295 - Fetch Result : 13 件
2017-06-09 12:43:43 DEBUG LoggerFilter:59 - Status Code: 200
2017-06-09 12:44:02 DEBUG LoggerFilter:66 - [Reuqest] URI=/WBS/xinan/xinan/search.action
2017-06-09 12:44:02 DEBUG LoggerFilter:67 - [Reuqest] ContentType=application/x-www-form-urlencoded
2017-06-09 12:44:02 DEBUG LoggerFilter:75 - 	 [Parameter] Cname=
2017-06-09 12:44:02 DEBUG LoggerFilter:75 - 	 [Parameter] NapaId=
2017-06-09 12:44:02 DEBUG SearchAction:37 - ############login#########
2017-06-09 12:44:02 DEBUG Criteria:263 - SELECT NAPAId,SECURITY,CNAME,SUBCNAME,ADDRESS FROM NAPA_STORES_TBL
2017-06-09 12:44:02 DEBUG Criteria:295 - Fetch Result : 13 件
2017-06-09 12:44:02 DEBUG LoggerFilter:59 - Status Code: 200
2017-06-09 12:45:01 DEBUG LoggerFilter:66 - [Reuqest] URI=/WBS/xinan/xinan/search.action
2017-06-09 12:45:01 DEBUG LoggerFilter:67 - [Reuqest] ContentType=application/x-www-form-urlencoded
2017-06-09 12:45:01 DEBUG LoggerFilter:75 - 	 [Parameter] Cname=
2017-06-09 12:45:01 DEBUG LoggerFilter:75 - 	 [Parameter] NapaId=
2017-06-09 12:45:01 DEBUG SearchAction:37 - ############login#########
2017-06-09 12:45:01 DEBUG Criteria:263 - SELECT NAPAId,SECURITY,CNAME,SUBCNAME,ADDRESS FROM NAPA_STORES_TBL
2017-06-09 12:45:01 DEBUG Criteria:295 - Fetch Result : 13 件
2017-06-09 12:45:01 DEBUG LoggerFilter:59 - Status Code: 200
2017-06-09 12:45:36 DEBUG LoggerFilter:66 - [Reuqest] URI=/WBS/xinan/xinan/search.action
2017-06-09 12:45:36 DEBUG LoggerFilter:67 - [Reuqest] ContentType=application/x-www-form-urlencoded
2017-06-09 12:45:36 DEBUG LoggerFilter:75 - 	 [Parameter] Cname=
2017-06-09 12:45:36 DEBUG LoggerFilter:75 - 	 [Parameter] NapaId=
2017-06-09 12:45:36 DEBUG SearchAction:37 - ############login#########
2017-06-09 12:45:36 DEBUG Criteria:263 - SELECT NAPAId,SECURITY,CNAME,SUBCNAME,ADDRESS FROM NAPA_STORES_TBL
2017-06-09 12:45:36 DEBUG Criteria:295 - Fetch Result : 13 件
2017-06-09 12:45:36 DEBUG LoggerFilter:59 - Status Code: 200
2017-06-09 12:45:55 DEBUG LoggerFilter:66 - [Reuqest] URI=/WBS/xinan/xinan/search.action
2017-06-09 12:45:55 DEBUG LoggerFilter:67 - [Reuqest] ContentType=application/x-www-form-urlencoded
2017-06-09 12:45:55 DEBUG LoggerFilter:75 - 	 [Parameter] Cname=
2017-06-09 12:45:55 DEBUG LoggerFilter:75 - 	 [Parameter] NapaId=
2017-06-09 12:45:55 DEBUG SearchAction:37 - ############login#########
2017-06-09 12:45:55 DEBUG Criteria:263 - SELECT NAPAId,SECURITY,CNAME,SUBCNAME,ADDRESS FROM NAPA_STORES_TBL
2017-06-09 12:45:55 DEBUG Criteria:295 - Fetch Result : 13 件
2017-06-09 12:45:55 DEBUG LoggerFilter:59 - Status Code: 200
2017-06-09 12:46:11 DEBUG LoggerFilter:66 - [Reuqest] URI=/WBS/xinan/xinan/search.action
2017-06-09 12:46:11 DEBUG LoggerFilter:67 - [Reuqest] ContentType=application/x-www-form-urlencoded
2017-06-09 12:46:11 DEBUG LoggerFilter:75 - 	 [Parameter] Cname=
2017-06-09 12:46:11 DEBUG LoggerFilter:75 - 	 [Parameter] NapaId=
2017-06-09 12:46:11 DEBUG SearchAction:37 - ############login#########
2017-06-09 12:46:11 DEBUG Criteria:263 - SELECT NAPAId,SECURITY,CNAME,SUBCNAME,ADDRESS FROM NAPA_STORES_TBL
2017-06-09 12:46:11 DEBUG Criteria:295 - Fetch Result : 13 件
2017-06-09 12:46:11 DEBUG LoggerFilter:59 - Status Code: 200
2017-06-09 12:46:21 DEBUG LoggerFilter:66 - [Reuqest] URI=/WBS/xinan/xinan/search.action
2017-06-09 12:46:21 DEBUG LoggerFilter:67 - [Reuqest] ContentType=application/x-www-form-urlencoded
2017-06-09 12:46:21 DEBUG LoggerFilter:75 - 	 [Parameter] Cname=
2017-06-09 12:46:21 DEBUG LoggerFilter:75 - 	 [Parameter] NapaId=
2017-06-09 12:46:21 DEBUG SearchAction:37 - ############login#########
2017-06-09 12:46:21 DEBUG Criteria:263 - SELECT NAPAId,SECURITY,CNAME,SUBCNAME,ADDRESS FROM NAPA_STORES_TBL
2017-06-09 12:46:21 DEBUG Criteria:295 - Fetch Result : 13 件
2017-06-09 12:46:21 DEBUG LoggerFilter:59 - Status Code: 200
2017-06-09 12:46:57 DEBUG LoggerFilter:66 - [Reuqest] URI=/WBS/xinan/xinan/search.action
2017-06-09 12:46:57 DEBUG LoggerFilter:67 - [Reuqest] ContentType=application/x-www-form-urlencoded
2017-06-09 12:46:57 DEBUG LoggerFilter:75 - 	 [Parameter] Cname=
2017-06-09 12:46:57 DEBUG LoggerFilter:75 - 	 [Parameter] NapaId=
2017-06-09 12:46:57 DEBUG SearchAction:37 - ############login#########
2017-06-09 12:46:57 DEBUG Criteria:263 - SELECT NAPAId,SECURITY,CNAME,SUBCNAME,ADDRESS FROM NAPA_STORES_TBL
2017-06-09 12:46:58 DEBUG Criteria:295 - Fetch Result : 13 件
2017-06-09 12:46:58 DEBUG LoggerFilter:59 - Status Code: 200
2017-06-09 12:47:12 DEBUG LoggerFilter:66 - [Reuqest] URI=/WBS/xinan/xinan/search.action
2017-06-09 12:47:12 DEBUG LoggerFilter:67 - [Reuqest] ContentType=application/x-www-form-urlencoded
2017-06-09 12:47:12 DEBUG LoggerFilter:75 - 	 [Parameter] Cname=
2017-06-09 12:47:12 DEBUG LoggerFilter:75 - 	 [Parameter] NapaId=
2017-06-09 12:47:12 DEBUG SearchAction:37 - ############login#########
2017-06-09 12:47:12 DEBUG Criteria:263 - SELECT NAPAId,SECURITY,CNAME,SUBCNAME,ADDRESS FROM NAPA_STORES_TBL
2017-06-09 12:47:12 DEBUG Criteria:295 - Fetch Result : 13 件
2017-06-09 12:47:13 DEBUG LoggerFilter:59 - Status Code: 200
2017-06-09 12:47:37 DEBUG LoggerFilter:66 - [Reuqest] URI=/WBS/xinan/xinan/search.action
2017-06-09 12:47:37 DEBUG LoggerFilter:67 - [Reuqest] ContentType=application/x-www-form-urlencoded
2017-06-09 12:47:37 DEBUG LoggerFilter:75 - 	 [Parameter] Cname=
2017-06-09 12:47:37 DEBUG LoggerFilter:75 - 	 [Parameter] NapaId=
2017-06-09 12:47:37 DEBUG SearchAction:37 - ############login#########
2017-06-09 12:47:37 DEBUG Criteria:263 - SELECT NAPAId,SECURITY,CNAME,SUBCNAME,ADDRESS FROM NAPA_STORES_TBL
2017-06-09 12:47:37 DEBUG Criteria:295 - Fetch Result : 13 件
2017-06-09 12:47:37 DEBUG LoggerFilter:59 - Status Code: 200
2017-06-09 12:47:54 DEBUG LoggerFilter:66 - [Reuqest] URI=/WBS/xinan/xinan/search.action
2017-06-09 12:47:54 DEBUG LoggerFilter:67 - [Reuqest] ContentType=application/x-www-form-urlencoded
2017-06-09 12:47:54 DEBUG LoggerFilter:75 - 	 [Parameter] Cname=
2017-06-09 12:47:54 DEBUG LoggerFilter:75 - 	 [Parameter] NapaId=
2017-06-09 12:47:54 DEBUG SearchAction:37 - ############login#########
2017-06-09 12:47:54 DEBUG Criteria:263 - SELECT NAPAId,SECURITY,CNAME,SUBCNAME,ADDRESS FROM NAPA_STORES_TBL
2017-06-09 12:47:54 DEBUG Criteria:295 - Fetch Result : 13 件
2017-06-09 12:47:54 DEBUG LoggerFilter:59 - Status Code: 200
2017-06-09 12:56:22 DEBUG LoggerFilter:66 - [Reuqest] URI=/WBS/xinan/xinan/search.action
2017-06-09 12:56:22 DEBUG LoggerFilter:67 - [Reuqest] ContentType=application/x-www-form-urlencoded
2017-06-09 12:56:22 DEBUG LoggerFilter:75 - 	 [Parameter] Cname=
2017-06-09 12:56:22 DEBUG LoggerFilter:75 - 	 [Parameter] NapaId=
2017-06-09 12:56:22 DEBUG SearchAction:37 - ############login#########
2017-06-09 12:56:22 DEBUG Criteria:263 - SELECT NAPAId,SECURITY,CNAME,SUBCNAME,ADDRESS FROM NAPA_STORES_TBL
2017-06-09 12:56:22 DEBUG Criteria:295 - Fetch Result : 13 件
2017-06-09 12:56:22 DEBUG LoggerFilter:59 - Status Code: 200
2017-06-09 12:56:50 DEBUG LoggerFilter:66 - [Reuqest] URI=/WBS/xinan/xinan/search.action
2017-06-09 12:56:50 DEBUG LoggerFilter:67 - [Reuqest] ContentType=application/x-www-form-urlencoded
2017-06-09 12:56:50 DEBUG LoggerFilter:75 - 	 [Parameter] Cname=
2017-06-09 12:56:50 DEBUG LoggerFilter:75 - 	 [Parameter] NapaId=
2017-06-09 12:56:50 DEBUG SearchAction:37 - ############login#########
2017-06-09 12:56:50 DEBUG Criteria:263 - SELECT NAPAId,SECURITY,CNAME,SUBCNAME,ADDRESS FROM NAPA_STORES_TBL
2017-06-09 12:56:50 DEBUG Criteria:295 - Fetch Result : 13 件
2017-06-09 12:56:50 DEBUG LoggerFilter:59 - Status Code: 200
2017-06-09 12:57:07 DEBUG LoggerFilter:66 - [Reuqest] URI=/WBS/xinan/xinan/search.action
2017-06-09 12:57:07 DEBUG LoggerFilter:67 - [Reuqest] ContentType=application/x-www-form-urlencoded
2017-06-09 12:57:07 DEBUG LoggerFilter:75 - 	 [Parameter] Cname=
2017-06-09 12:57:07 DEBUG LoggerFilter:75 - 	 [Parameter] NapaId=
2017-06-09 12:57:07 DEBUG SearchAction:37 - ############login#########
2017-06-09 12:57:07 DEBUG Criteria:263 - SELECT NAPAId,SECURITY,CNAME,SUBCNAME,ADDRESS FROM NAPA_STORES_TBL
2017-06-09 12:57:07 DEBUG Criteria:295 - Fetch Result : 13 件
2017-06-09 12:57:07 DEBUG LoggerFilter:59 - Status Code: 200
2017-06-09 13:00:31 DEBUG LoggerFilter:66 - [Reuqest] URI=/WBS/xinan/xinan/search.action
2017-06-09 13:00:31 DEBUG LoggerFilter:67 - [Reuqest] ContentType=application/x-www-form-urlencoded
2017-06-09 13:00:31 DEBUG LoggerFilter:75 - 	 [Parameter] Cname=
2017-06-09 13:00:31 DEBUG LoggerFilter:75 - 	 [Parameter] NapaId=
2017-06-09 13:00:31 DEBUG SearchAction:37 - ############login#########
2017-06-09 13:00:31 DEBUG Criteria:263 - SELECT NAPAId,SECURITY,CNAME,SUBCNAME,ADDRESS FROM NAPA_STORES_TBL
2017-06-09 13:00:31 DEBUG Criteria:295 - Fetch Result : 13 件
2017-06-09 13:00:31 DEBUG LoggerFilter:59 - Status Code: 200
2017-06-09 13:01:11 DEBUG LoggerFilter:66 - [Reuqest] URI=/WBS/xinan/xinan/search.action
2017-06-09 13:01:11 DEBUG LoggerFilter:67 - [Reuqest] ContentType=application/x-www-form-urlencoded
2017-06-09 13:01:11 DEBUG LoggerFilter:75 - 	 [Parameter] Cname=
2017-06-09 13:01:11 DEBUG LoggerFilter:75 - 	 [Parameter] NapaId=
2017-06-09 13:01:11 DEBUG SearchAction:37 - ############login#########
2017-06-09 13:01:11 DEBUG Criteria:263 - SELECT NAPAId,SECURITY,CNAME,SUBCNAME,ADDRESS FROM NAPA_STORES_TBL
2017-06-09 13:01:11 DEBUG Criteria:295 - Fetch Result : 13 件
2017-06-09 13:01:11 DEBUG LoggerFilter:59 - Status Code: 200
2017-06-09 13:01:29 DEBUG LoggerFilter:66 - [Reuqest] URI=/WBS/xinan/xinan/search.action
2017-06-09 13:01:29 DEBUG LoggerFilter:67 - [Reuqest] ContentType=application/x-www-form-urlencoded
2017-06-09 13:01:29 DEBUG LoggerFilter:75 - 	 [Parameter] Cname=
2017-06-09 13:01:29 DEBUG LoggerFilter:75 - 	 [Parameter] NapaId=
2017-06-09 13:01:29 DEBUG SearchAction:37 - ############login#########
2017-06-09 13:01:29 DEBUG Criteria:263 - SELECT NAPAId,SECURITY,CNAME,SUBCNAME,ADDRESS FROM NAPA_STORES_TBL
2017-06-09 13:01:29 DEBUG Criteria:295 - Fetch Result : 13 件
2017-06-09 13:01:30 DEBUG LoggerFilter:59 - Status Code: 200
2017-06-09 13:04:48 DEBUG LoggerFilter:66 - [Reuqest] URI=/WBS/xinan/xinan/search.action
2017-06-09 13:04:48 DEBUG LoggerFilter:67 - [Reuqest] ContentType=application/x-www-form-urlencoded
2017-06-09 13:04:48 DEBUG LoggerFilter:75 - 	 [Parameter] Cname=
2017-06-09 13:04:48 DEBUG LoggerFilter:75 - 	 [Parameter] NapaId=
2017-06-09 13:04:48 DEBUG SearchAction:37 - ############login#########
2017-06-09 13:04:48 DEBUG Criteria:263 - SELECT NAPAId,SECURITY,CNAME,SUBCNAME,ADDRESS FROM NAPA_STORES_TBL
2017-06-09 13:04:48 DEBUG Criteria:295 - Fetch Result : 13 件
2017-06-09 13:04:48 DEBUG LoggerFilter:59 - Status Code: 200
2017-06-09 13:05:14 DEBUG LoggerFilter:66 - [Reuqest] URI=/WBS/xinan/xinan/search.action
2017-06-09 13:05:14 DEBUG LoggerFilter:67 - [Reuqest] ContentType=application/x-www-form-urlencoded
2017-06-09 13:05:14 DEBUG LoggerFilter:75 - 	 [Parameter] Cname=
2017-06-09 13:05:14 DEBUG LoggerFilter:75 - 	 [Parameter] NapaId=
2017-06-09 13:05:14 DEBUG SearchAction:37 - ############login#########
2017-06-09 13:05:14 DEBUG Criteria:263 - SELECT NAPAId,SECURITY,CNAME,SUBCNAME,ADDRESS FROM NAPA_STORES_TBL
2017-06-09 13:05:14 DEBUG Criteria:295 - Fetch Result : 13 件
2017-06-09 13:05:14 DEBUG LoggerFilter:59 - Status Code: 200
2017-06-09 13:07:54 DEBUG LoggerFilter:66 - [Reuqest] URI=/WBS/xinan/xinan/search.action
2017-06-09 13:07:54 DEBUG LoggerFilter:67 - [Reuqest] ContentType=application/x-www-form-urlencoded
2017-06-09 13:07:54 DEBUG LoggerFilter:75 - 	 [Parameter] Cname=
2017-06-09 13:07:54 DEBUG LoggerFilter:75 - 	 [Parameter] NapaId=
2017-06-09 13:07:54 DEBUG SearchAction:37 - ############login#########
2017-06-09 13:07:54 DEBUG Criteria:263 - SELECT NAPAId,SECURITY,CNAME,SUBCNAME,ADDRESS FROM NAPA_STORES_TBL
2017-06-09 13:07:54 DEBUG Criteria:295 - Fetch Result : 13 件
2017-06-09 13:07:54 DEBUG LoggerFilter:59 - Status Code: 200
2017-06-09 13:09:11 DEBUG LoggerFilter:66 - [Reuqest] URI=/WBS/xinan/xinan/search.action
2017-06-09 13:09:11 DEBUG LoggerFilter:67 - [Reuqest] ContentType=application/x-www-form-urlencoded
2017-06-09 13:09:11 DEBUG LoggerFilter:75 - 	 [Parameter] Cname=
2017-06-09 13:09:11 DEBUG LoggerFilter:75 - 	 [Parameter] NapaId=
2017-06-09 13:09:11 DEBUG SearchAction:37 - ############login#########
2017-06-09 13:09:11 DEBUG Criteria:263 - SELECT NAPAId,SECURITY,CNAME,SUBCNAME,ADDRESS FROM NAPA_STORES_TBL
2017-06-09 13:09:11 DEBUG Criteria:295 - Fetch Result : 13 件
2017-06-09 13:09:11 DEBUG LoggerFilter:59 - Status Code: 200
2017-06-09 13:11:07 DEBUG LoggerFilter:66 - [Reuqest] URI=/WBS/xinan/xinan/search.action
2017-06-09 13:11:07 DEBUG LoggerFilter:67 - [Reuqest] ContentType=application/x-www-form-urlencoded
2017-06-09 13:11:07 DEBUG LoggerFilter:75 - 	 [Parameter] Cname=
2017-06-09 13:11:07 DEBUG LoggerFilter:75 - 	 [Parameter] NapaId=
2017-06-09 13:11:07 DEBUG SearchAction:37 - ############login#########
2017-06-09 13:11:07 DEBUG Criteria:263 - SELECT NAPAId,SECURITY,CNAME,SUBCNAME,ADDRESS FROM NAPA_STORES_TBL
2017-06-09 13:11:07 DEBUG Criteria:295 - Fetch Result : 13 件
2017-06-09 13:11:07 DEBUG LoggerFilter:59 - Status Code: 200
2017-06-09 13:13:23 DEBUG LoggerFilter:66 - [Reuqest] URI=/WBS/xinan/xinan/search.action
2017-06-09 13:13:23 DEBUG LoggerFilter:67 - [Reuqest] ContentType=application/x-www-form-urlencoded
2017-06-09 13:13:23 DEBUG LoggerFilter:75 - 	 [Parameter] Cname=
2017-06-09 13:13:23 DEBUG LoggerFilter:75 - 	 [Parameter] NapaId=
2017-06-09 13:13:23 DEBUG SearchAction:37 - ############login#########
2017-06-09 13:13:23 DEBUG Criteria:263 - SELECT NAPAId,SECURITY,CNAME,SUBCNAME,ADDRESS FROM NAPA_STORES_TBL
2017-06-09 13:13:23 DEBUG Criteria:295 - Fetch Result : 13 件
2017-06-09 13:13:23 DEBUG LoggerFilter:59 - Status Code: 200
2017-06-09 13:13:27 DEBUG LoggerFilter:66 - [Reuqest] URI=/WBS/xinan/xinan/search.action
2017-06-09 13:13:27 DEBUG LoggerFilter:67 - [Reuqest] ContentType=application/x-www-form-urlencoded
2017-06-09 13:13:27 DEBUG LoggerFilter:75 - 	 [Parameter] Cname=
2017-06-09 13:13:27 DEBUG LoggerFilter:75 - 	 [Parameter] NapaId=
2017-06-09 13:13:27 DEBUG SearchAction:37 - ############login#########
2017-06-09 13:13:27 DEBUG Criteria:263 - SELECT NAPAId,SECURITY,CNAME,SUBCNAME,ADDRESS FROM NAPA_STORES_TBL
2017-06-09 13:13:27 DEBUG Criteria:295 - Fetch Result : 13 件
2017-06-09 13:13:27 DEBUG LoggerFilter:59 - Status Code: 200
2017-06-09 13:15:54 DEBUG LoggerFilter:66 - [Reuqest] URI=/WBS/xinan/xinan/search.action
2017-06-09 13:15:54 DEBUG LoggerFilter:67 - [Reuqest] ContentType=application/x-www-form-urlencoded
2017-06-09 13:15:54 DEBUG LoggerFilter:75 - 	 [Parameter] Cname=
2017-06-09 13:15:54 DEBUG LoggerFilter:75 - 	 [Parameter] NapaId=
2017-06-09 13:15:54 DEBUG SearchAction:37 - ############login#########
2017-06-09 13:15:54 DEBUG Criteria:263 - SELECT NAPAId,SECURITY,CNAME,SUBCNAME,ADDRESS FROM NAPA_STORES_TBL
2017-06-09 13:15:54 DEBUG Criteria:295 - Fetch Result : 13 件
2017-06-09 13:15:54 DEBUG LoggerFilter:59 - Status Code: 200
2017-06-09 13:16:04 DEBUG LoggerFilter:66 - [Reuqest] URI=/WBS/xinan/xinan/search.action
2017-06-09 13:16:04 DEBUG LoggerFilter:67 - [Reuqest] ContentType=application/x-www-form-urlencoded
2017-06-09 13:16:04 DEBUG LoggerFilter:75 - 	 [Parameter] Cname=
2017-06-09 13:16:04 DEBUG LoggerFilter:75 - 	 [Parameter] NapaId=
2017-06-09 13:16:04 DEBUG SearchAction:37 - ############login#########
2017-06-09 13:16:04 DEBUG Criteria:263 - SELECT NAPAId,SECURITY,CNAME,SUBCNAME,ADDRESS FROM NAPA_STORES_TBL
2017-06-09 13:16:04 DEBUG Criteria:295 - Fetch Result : 13 件
2017-06-09 13:16:04 DEBUG LoggerFilter:59 - Status Code: 200
2017-06-09 13:16:59 DEBUG LoggerFilter:66 - [Reuqest] URI=/WBS/xinan/xinan/search.action
2017-06-09 13:16:59 DEBUG LoggerFilter:67 - [Reuqest] ContentType=application/x-www-form-urlencoded
2017-06-09 13:16:59 DEBUG LoggerFilter:75 - 	 [Parameter] Cname=
2017-06-09 13:16:59 DEBUG LoggerFilter:75 - 	 [Parameter] NapaId=
2017-06-09 13:16:59 DEBUG SearchAction:37 - ############login#########
2017-06-09 13:16:59 DEBUG Criteria:263 - SELECT NAPAId,SECURITY,CNAME,SUBCNAME,ADDRESS FROM NAPA_STORES_TBL
2017-06-09 13:16:59 DEBUG Criteria:295 - Fetch Result : 13 件
2017-06-09 13:16:59 DEBUG LoggerFilter:59 - Status Code: 200
2017-06-09 13:17:50 DEBUG LoggerFilter:66 - [Reuqest] URI=/WBS/xinan/xinan/search.action
2017-06-09 13:17:50 DEBUG LoggerFilter:67 - [Reuqest] ContentType=application/x-www-form-urlencoded
2017-06-09 13:17:50 DEBUG LoggerFilter:75 - 	 [Parameter] Cname=
2017-06-09 13:17:50 DEBUG LoggerFilter:75 - 	 [Parameter] NapaId=
2017-06-09 13:17:50 DEBUG SearchAction:37 - ############login#########
2017-06-09 13:17:50 DEBUG Criteria:263 - SELECT NAPAId,SECURITY,CNAME,SUBCNAME,ADDRESS FROM NAPA_STORES_TBL
2017-06-09 13:17:50 DEBUG Criteria:295 - Fetch Result : 13 件
2017-06-09 13:17:51 DEBUG LoggerFilter:59 - Status Code: 200
2017-06-09 13:18:09 DEBUG LoggerFilter:66 - [Reuqest] URI=/WBS/xinan/xinan/search.action
2017-06-09 13:18:09 DEBUG LoggerFilter:67 - [Reuqest] ContentType=application/x-www-form-urlencoded
2017-06-09 13:18:09 DEBUG LoggerFilter:75 - 	 [Parameter] Cname=
2017-06-09 13:18:09 DEBUG LoggerFilter:75 - 	 [Parameter] NapaId=
2017-06-09 13:18:09 DEBUG SearchAction:37 - ############login#########
2017-06-09 13:18:09 DEBUG Criteria:263 - SELECT NAPAId,SECURITY,CNAME,SUBCNAME,ADDRESS FROM NAPA_STORES_TBL
2017-06-09 13:18:09 DEBUG Criteria:295 - Fetch Result : 13 件
2017-06-09 13:18:10 DEBUG LoggerFilter:59 - Status Code: 200
2017-06-09 13:18:26 DEBUG LoggerFilter:66 - [Reuqest] URI=/WBS/xinan/xinan/search.action
2017-06-09 13:18:26 DEBUG LoggerFilter:67 - [Reuqest] ContentType=application/x-www-form-urlencoded
2017-06-09 13:18:26 DEBUG LoggerFilter:75 - 	 [Parameter] Cname=
2017-06-09 13:18:26 DEBUG LoggerFilter:75 - 	 [Parameter] NapaId=
2017-06-09 13:18:26 DEBUG SearchAction:37 - ############login#########
2017-06-09 13:18:26 DEBUG Criteria:263 - SELECT NAPAId,SECURITY,CNAME,SUBCNAME,ADDRESS FROM NAPA_STORES_TBL
2017-06-09 13:18:26 DEBUG Criteria:295 - Fetch Result : 13 件
2017-06-09 13:18:26 DEBUG LoggerFilter:59 - Status Code: 200
2017-06-09 13:21:24 DEBUG LoggerFilter:66 - [Reuqest] URI=/WBS/xinan/xinan/search.action
2017-06-09 13:21:24 DEBUG LoggerFilter:67 - [Reuqest] ContentType=application/x-www-form-urlencoded
2017-06-09 13:21:24 DEBUG LoggerFilter:75 - 	 [Parameter] Cname=
2017-06-09 13:21:24 DEBUG LoggerFilter:75 - 	 [Parameter] NapaId=
2017-06-09 13:21:24 DEBUG SearchAction:37 - ############login#########
2017-06-09 13:21:24 DEBUG Criteria:263 - SELECT NAPAId,SECURITY,CNAME,SUBCNAME,ADDRESS FROM NAPA_STORES_TBL
2017-06-09 13:21:24 DEBUG Criteria:295 - Fetch Result : 13 件
2017-06-09 13:21:24 DEBUG LoggerFilter:59 - Status Code: 200
2017-06-09 13:21:35 DEBUG LoggerFilter:66 - [Reuqest] URI=/WBS/xinan/xinan/search.action
2017-06-09 13:21:35 DEBUG LoggerFilter:67 - [Reuqest] ContentType=application/x-www-form-urlencoded
2017-06-09 13:21:35 DEBUG LoggerFilter:75 - 	 [Parameter] Cname=
2017-06-09 13:21:35 DEBUG LoggerFilter:75 - 	 [Parameter] NapaId=
2017-06-09 13:21:35 DEBUG SearchAction:37 - ############login#########
2017-06-09 13:21:35 DEBUG Criteria:263 - SELECT NAPAId,SECURITY,CNAME,SUBCNAME,ADDRESS FROM NAPA_STORES_TBL
2017-06-09 13:21:35 DEBUG Criteria:295 - Fetch Result : 13 件
2017-06-09 13:21:35 DEBUG LoggerFilter:59 - Status Code: 200
2017-06-09 13:23:28 DEBUG LoggerFilter:66 - [Reuqest] URI=/WBS/xinan/xinan/search.action
2017-06-09 13:23:28 DEBUG LoggerFilter:67 - [Reuqest] ContentType=application/x-www-form-urlencoded
2017-06-09 13:23:28 DEBUG LoggerFilter:75 - 	 [Parameter] Cname=
2017-06-09 13:23:28 DEBUG LoggerFilter:75 - 	 [Parameter] NapaId=
2017-06-09 13:23:28 DEBUG SearchAction:37 - ############login#########
2017-06-09 13:23:28 DEBUG Criteria:263 - SELECT NAPAId,SECURITY,CNAME,SUBCNAME,ADDRESS FROM NAPA_STORES_TBL
2017-06-09 13:23:28 DEBUG Criteria:295 - Fetch Result : 13 件
2017-06-09 13:23:28 DEBUG LoggerFilter:59 - Status Code: 200
2017-06-09 13:24:14 DEBUG LoggerFilter:66 - [Reuqest] URI=/WBS/xinan/xinan/search.action
2017-06-09 13:24:14 DEBUG LoggerFilter:67 - [Reuqest] ContentType=application/x-www-form-urlencoded
2017-06-09 13:24:14 DEBUG LoggerFilter:75 - 	 [Parameter] Cname=
2017-06-09 13:24:14 DEBUG LoggerFilter:75 - 	 [Parameter] NapaId=
2017-06-09 13:24:14 DEBUG SearchAction:37 - ############login#########
2017-06-09 13:24:14 DEBUG Criteria:263 - SELECT NAPAId,SECURITY,CNAME,SUBCNAME,ADDRESS FROM NAPA_STORES_TBL
2017-06-09 13:24:14 DEBUG Criteria:295 - Fetch Result : 13 件
2017-06-09 13:24:14 DEBUG LoggerFilter:59 - Status Code: 200
2017-06-09 13:24:40 DEBUG LoggerFilter:66 - [Reuqest] URI=/WBS/xinan/xinan/search.action
2017-06-09 13:24:40 DEBUG LoggerFilter:67 - [Reuqest] ContentType=application/x-www-form-urlencoded
2017-06-09 13:24:40 DEBUG LoggerFilter:75 - 	 [Parameter] Cname=
2017-06-09 13:24:40 DEBUG LoggerFilter:75 - 	 [Parameter] NapaId=
2017-06-09 13:24:40 DEBUG SearchAction:37 - ############login#########
2017-06-09 13:24:40 DEBUG Criteria:263 - SELECT NAPAId,SECURITY,CNAME,SUBCNAME,ADDRESS FROM NAPA_STORES_TBL
2017-06-09 13:24:40 DEBUG Criteria:295 - Fetch Result : 13 件
2017-06-09 13:24:40 DEBUG LoggerFilter:59 - Status Code: 200
2017-06-09 13:25:02 DEBUG LoggerFilter:66 - [Reuqest] URI=/WBS/xinan/xinan/search.action
2017-06-09 13:25:02 DEBUG LoggerFilter:67 - [Reuqest] ContentType=application/x-www-form-urlencoded
2017-06-09 13:25:02 DEBUG LoggerFilter:75 - 	 [Parameter] Cname=
2017-06-09 13:25:02 DEBUG LoggerFilter:75 - 	 [Parameter] NapaId=
2017-06-09 13:25:02 DEBUG SearchAction:37 - ############login#########
2017-06-09 13:25:02 DEBUG Criteria:263 - SELECT NAPAId,SECURITY,CNAME,SUBCNAME,ADDRESS FROM NAPA_STORES_TBL
2017-06-09 13:25:02 DEBUG Criteria:295 - Fetch Result : 13 件
2017-06-09 13:25:03 DEBUG LoggerFilter:59 - Status Code: 200
2017-06-09 13:25:33 DEBUG LoggerFilter:66 - [Reuqest] URI=/WBS/xinan/xinan/search.action
2017-06-09 13:25:33 DEBUG LoggerFilter:67 - [Reuqest] ContentType=application/x-www-form-urlencoded
2017-06-09 13:25:33 DEBUG LoggerFilter:75 - 	 [Parameter] Cname=
2017-06-09 13:25:33 DEBUG LoggerFilter:75 - 	 [Parameter] NapaId=
2017-06-09 13:25:33 DEBUG SearchAction:37 - ############login#########
2017-06-09 13:25:33 DEBUG Criteria:263 - SELECT NAPAId,SECURITY,CNAME,SUBCNAME,ADDRESS FROM NAPA_STORES_TBL
2017-06-09 13:25:33 DEBUG Criteria:295 - Fetch Result : 13 件
2017-06-09 13:25:33 DEBUG LoggerFilter:59 - Status Code: 200
2017-06-09 13:25:56 DEBUG LoggerFilter:66 - [Reuqest] URI=/WBS/xinan/xinan/search.action
2017-06-09 13:25:56 DEBUG LoggerFilter:67 - [Reuqest] ContentType=application/x-www-form-urlencoded
2017-06-09 13:25:56 DEBUG LoggerFilter:75 - 	 [Parameter] Cname=
2017-06-09 13:25:56 DEBUG LoggerFilter:75 - 	 [Parameter] NapaId=
2017-06-09 13:25:56 DEBUG SearchAction:37 - ############login#########
2017-06-09 13:25:56 DEBUG Criteria:263 - SELECT NAPAId,SECURITY,CNAME,SUBCNAME,ADDRESS FROM NAPA_STORES_TBL
2017-06-09 13:25:56 DEBUG Criteria:295 - Fetch Result : 13 件
2017-06-09 13:25:56 DEBUG LoggerFilter:59 - Status Code: 200
2017-06-09 13:27:02 DEBUG LoggerFilter:66 - [Reuqest] URI=/WBS/xinan/xinan/search.action
2017-06-09 13:27:02 DEBUG LoggerFilter:67 - [Reuqest] ContentType=application/x-www-form-urlencoded
2017-06-09 13:27:02 DEBUG LoggerFilter:75 - 	 [Parameter] Cname=
2017-06-09 13:27:02 DEBUG LoggerFilter:75 - 	 [Parameter] NapaId=
2017-06-09 13:27:02 DEBUG SearchAction:37 - ############login#########
2017-06-09 13:27:02 DEBUG Criteria:263 - SELECT NAPAId,SECURITY,CNAME,SUBCNAME,ADDRESS FROM NAPA_STORES_TBL
2017-06-09 13:27:02 DEBUG Criteria:295 - Fetch Result : 13 件
2017-06-09 13:27:02 DEBUG LoggerFilter:59 - Status Code: 200
2017-06-09 13:27:31 DEBUG LoggerFilter:66 - [Reuqest] URI=/WBS/xinan/xinan/search.action
2017-06-09 13:27:31 DEBUG LoggerFilter:67 - [Reuqest] ContentType=application/x-www-form-urlencoded
2017-06-09 13:27:31 DEBUG LoggerFilter:75 - 	 [Parameter] Cname=
2017-06-09 13:27:31 DEBUG LoggerFilter:75 - 	 [Parameter] NapaId=
2017-06-09 13:27:31 DEBUG SearchAction:37 - ############login#########
2017-06-09 13:27:31 DEBUG Criteria:263 - SELECT NAPAId,SECURITY,CNAME,SUBCNAME,ADDRESS FROM NAPA_STORES_TBL
2017-06-09 13:27:31 DEBUG Criteria:295 - Fetch Result : 13 件
2017-06-09 13:27:31 DEBUG LoggerFilter:59 - Status Code: 200
2017-06-09 13:27:53 DEBUG LoggerFilter:66 - [Reuqest] URI=/WBS/xinan/xinan/search.action
2017-06-09 13:27:53 DEBUG LoggerFilter:67 - [Reuqest] ContentType=application/x-www-form-urlencoded
2017-06-09 13:27:53 DEBUG LoggerFilter:75 - 	 [Parameter] Cname=
2017-06-09 13:27:53 DEBUG LoggerFilter:75 - 	 [Parameter] NapaId=
2017-06-09 13:27:53 DEBUG SearchAction:37 - ############login#########
2017-06-09 13:27:53 DEBUG Criteria:263 - SELECT NAPAId,SECURITY,CNAME,SUBCNAME,ADDRESS FROM NAPA_STORES_TBL
2017-06-09 13:27:53 DEBUG Criteria:295 - Fetch Result : 13 件
2017-06-09 13:27:53 DEBUG LoggerFilter:59 - Status Code: 200
2017-06-09 13:28:55 DEBUG LoggerFilter:66 - [Reuqest] URI=/WBS/xinan/xinan/search.action
2017-06-09 13:28:55 DEBUG LoggerFilter:67 - [Reuqest] ContentType=application/x-www-form-urlencoded
2017-06-09 13:28:55 DEBUG LoggerFilter:75 - 	 [Parameter] Cname=
2017-06-09 13:28:55 DEBUG LoggerFilter:75 - 	 [Parameter] NapaId=
2017-06-09 13:28:55 DEBUG SearchAction:37 - ############login#########
2017-06-09 13:28:55 DEBUG Criteria:263 - SELECT NAPAId,SECURITY,CNAME,SUBCNAME,ADDRESS FROM NAPA_STORES_TBL
2017-06-09 13:28:55 DEBUG Criteria:295 - Fetch Result : 13 件
2017-06-09 13:28:55 DEBUG LoggerFilter:59 - Status Code: 200
2017-06-09 13:29:17 DEBUG LoggerFilter:66 - [Reuqest] URI=/WBS/xinan/xinan/search.action
2017-06-09 13:29:17 DEBUG LoggerFilter:67 - [Reuqest] ContentType=application/x-www-form-urlencoded
2017-06-09 13:29:17 DEBUG LoggerFilter:75 - 	 [Parameter] Cname=
2017-06-09 13:29:17 DEBUG LoggerFilter:75 - 	 [Parameter] NapaId=
2017-06-09 13:29:17 DEBUG SearchAction:37 - ############login#########
2017-06-09 13:29:17 DEBUG Criteria:263 - SELECT NAPAId,SECURITY,CNAME,SUBCNAME,ADDRESS FROM NAPA_STORES_TBL
2017-06-09 13:29:17 DEBUG Criteria:295 - Fetch Result : 13 件
2017-06-09 13:29:17 DEBUG LoggerFilter:59 - Status Code: 200
2017-06-09 13:29:48 DEBUG LoggerFilter:66 - [Reuqest] URI=/WBS/xinan/xinan/search.action
2017-06-09 13:29:48 DEBUG LoggerFilter:67 - [Reuqest] ContentType=application/x-www-form-urlencoded
2017-06-09 13:29:48 DEBUG LoggerFilter:75 - 	 [Parameter] Cname=
2017-06-09 13:29:48 DEBUG LoggerFilter:75 - 	 [Parameter] NapaId=
2017-06-09 13:29:48 DEBUG SearchAction:37 - ############login#########
2017-06-09 13:29:48 DEBUG Criteria:263 - SELECT NAPAId,SECURITY,CNAME,SUBCNAME,ADDRESS FROM NAPA_STORES_TBL
2017-06-09 13:29:48 DEBUG Criteria:295 - Fetch Result : 13 件
2017-06-09 13:29:48 DEBUG LoggerFilter:59 - Status Code: 200
2017-06-09 13:29:57 DEBUG LoggerFilter:66 - [Reuqest] URI=/WBS/xinan/xinan/search.action
2017-06-09 13:29:57 DEBUG LoggerFilter:67 - [Reuqest] ContentType=application/x-www-form-urlencoded
2017-06-09 13:29:57 DEBUG LoggerFilter:75 - 	 [Parameter] Cname=
2017-06-09 13:29:57 DEBUG LoggerFilter:75 - 	 [Parameter] NapaId=
2017-06-09 13:29:57 DEBUG SearchAction:37 - ############login#########
2017-06-09 13:29:57 DEBUG Criteria:263 - SELECT NAPAId,SECURITY,CNAME,SUBCNAME,ADDRESS FROM NAPA_STORES_TBL
2017-06-09 13:29:57 DEBUG Criteria:295 - Fetch Result : 13 件
2017-06-09 13:29:57 DEBUG LoggerFilter:59 - Status Code: 200
2017-06-09 13:30:23 DEBUG LoggerFilter:66 - [Reuqest] URI=/WBS/xinan/xinan/search.action
2017-06-09 13:30:23 DEBUG LoggerFilter:67 - [Reuqest] ContentType=application/x-www-form-urlencoded
2017-06-09 13:30:23 DEBUG LoggerFilter:75 - 	 [Parameter] Cname=
2017-06-09 13:30:23 DEBUG LoggerFilter:75 - 	 [Parameter] NapaId=
2017-06-09 13:30:23 DEBUG SearchAction:37 - ############login#########
2017-06-09 13:30:23 DEBUG Criteria:263 - SELECT NAPAId,SECURITY,CNAME,SUBCNAME,ADDRESS FROM NAPA_STORES_TBL
2017-06-09 13:30:23 DEBUG Criteria:295 - Fetch Result : 13 件
2017-06-09 13:30:23 DEBUG LoggerFilter:59 - Status Code: 200
2017-06-09 13:30:32 DEBUG LoggerFilter:66 - [Reuqest] URI=/WBS/xinan/xinan/search.action
2017-06-09 13:30:32 DEBUG LoggerFilter:67 - [Reuqest] ContentType=application/x-www-form-urlencoded
2017-06-09 13:30:32 DEBUG LoggerFilter:75 - 	 [Parameter] Cname=
2017-06-09 13:30:32 DEBUG LoggerFilter:75 - 	 [Parameter] NapaId=
2017-06-09 13:30:32 DEBUG SearchAction:37 - ############login#########
2017-06-09 13:30:32 DEBUG Criteria:263 - SELECT NAPAId,SECURITY,CNAME,SUBCNAME,ADDRESS FROM NAPA_STORES_TBL
2017-06-09 13:30:32 DEBUG Criteria:295 - Fetch Result : 13 件
2017-06-09 13:30:32 DEBUG LoggerFilter:59 - Status Code: 200
2017-06-09 13:30:59 DEBUG LoggerFilter:66 - [Reuqest] URI=/WBS/xinan/xinan/search.action
2017-06-09 13:30:59 DEBUG LoggerFilter:67 - [Reuqest] ContentType=application/x-www-form-urlencoded
2017-06-09 13:30:59 DEBUG LoggerFilter:75 - 	 [Parameter] Cname=
2017-06-09 13:30:59 DEBUG LoggerFilter:75 - 	 [Parameter] NapaId=10001
2017-06-09 13:30:59 DEBUG SearchAction:37 - ############login#########
2017-06-09 13:30:59 DEBUG Criteria:263 - SELECT NAPAId,SECURITY,CNAME,SUBCNAME,ADDRESS FROM NAPA_STORES_TBL WHERE NAPAId = '10001'
2017-06-09 13:30:59 DEBUG Criteria:295 - Fetch Result : 1 件
2017-06-09 13:30:59 DEBUG LoggerFilter:59 - Status Code: 200
2017-06-09 13:31:01 DEBUG LoggerFilter:66 - [Reuqest] URI=/WBS/xinan/xinan/search.action
2017-06-09 13:31:01 DEBUG LoggerFilter:67 - [Reuqest] ContentType=application/x-www-form-urlencoded
2017-06-09 13:31:01 DEBUG LoggerFilter:75 - 	 [Parameter] Cname=
2017-06-09 13:31:01 DEBUG LoggerFilter:75 - 	 [Parameter] NapaId=
2017-06-09 13:31:01 DEBUG SearchAction:37 - ############login#########
2017-06-09 13:31:01 DEBUG Criteria:263 - SELECT NAPAId,SECURITY,CNAME,SUBCNAME,ADDRESS FROM NAPA_STORES_TBL
2017-06-09 13:31:01 DEBUG Criteria:295 - Fetch Result : 13 件
2017-06-09 13:31:01 DEBUG LoggerFilter:59 - Status Code: 200
2017-06-09 14:15:54 DEBUG LoggerFilter:66 - [Reuqest] URI=/WBS/xinan/xinan/search.action
2017-06-09 14:15:54 DEBUG LoggerFilter:67 - [Reuqest] ContentType=application/x-www-form-urlencoded
2017-06-09 14:15:54 DEBUG LoggerFilter:75 - 	 [Parameter] Cname=
2017-06-09 14:15:54 DEBUG LoggerFilter:75 - 	 [Parameter] NapaId=
2017-06-09 14:15:54 DEBUG SearchAction:37 - ############login#########
2017-06-09 14:15:54 DEBUG Criteria:263 - SELECT NAPAId,SECURITY,CNAME,SUBCNAME,ADDRESS FROM NAPA_STORES_TBL
2017-06-09 14:15:54 DEBUG Criteria:295 - Fetch Result : 13 件
2017-06-09 14:15:54 DEBUG LoggerFilter:59 - Status Code: 200
2017-06-09 14:15:55 DEBUG LoggerFilter:66 - [Reuqest] URI=/WBS/assets/i/logo.png
2017-06-09 14:15:55 DEBUG LoggerFilter:67 - [Reuqest] ContentType=null
2017-06-09 14:15:55 DEBUG LoggerFilter:59 - Status Code: 304
2017-06-09 14:15:55 DEBUG LoggerFilter:66 - [Reuqest] URI=/WBS/assets/i/icoAdd.png
2017-06-09 14:15:55 DEBUG LoggerFilter:67 - [Reuqest] ContentType=null
2017-06-09 14:15:55 DEBUG LoggerFilter:59 - Status Code: 304
2017-06-09 14:15:55 DEBUG LoggerFilter:66 - [Reuqest] URI=/WBS/assets/fonts/fontawesome-webfont.woff2
2017-06-09 14:15:55 DEBUG LoggerFilter:67 - [Reuqest] ContentType=null
2017-06-09 14:15:55 DEBUG LoggerFilter:75 - 	 [Parameter] v=4.3.0
2017-06-09 14:15:55 DEBUG LoggerFilter:59 - Status Code: 304
2017-06-09 14:15:56 DEBUG LoggerFilter:66 - [Reuqest] URI=/WBS/assets/i/favicon.png
2017-06-09 14:15:56 DEBUG LoggerFilter:67 - [Reuqest] ContentType=null
2017-06-09 14:15:56 DEBUG LoggerFilter:59 - Status Code: 200
2017-06-09 14:21:36 DEBUG LoggerFilter:66 - [Reuqest] URI=/WBS/xinan/xinan/search.action
2017-06-09 14:21:36 DEBUG LoggerFilter:67 - [Reuqest] ContentType=application/x-www-form-urlencoded
2017-06-09 14:21:36 DEBUG LoggerFilter:75 - 	 [Parameter] Cname=
2017-06-09 14:21:36 DEBUG LoggerFilter:75 - 	 [Parameter] NapaId=
2017-06-09 14:21:36 DEBUG SearchAction:37 - ############login#########
2017-06-09 14:21:36 DEBUG Criteria:263 - SELECT NAPAId,SECURITY,CNAME,SUBCNAME,ADDRESS FROM NAPA_STORES_TBL
2017-06-09 14:21:36 DEBUG Criteria:295 - Fetch Result : 13 件
2017-06-09 14:21:37 DEBUG LoggerFilter:59 - Status Code: 200
2017-06-09 14:21:37 DEBUG LoggerFilter:66 - [Reuqest] URI=/WBS/assets/i/favicon.png
2017-06-09 14:21:37 DEBUG LoggerFilter:67 - [Reuqest] ContentType=null
2017-06-09 14:21:37 DEBUG LoggerFilter:59 - Status Code: 200
2017-06-09 14:22:00 DEBUG LoggerFilter:66 - [Reuqest] URI=/WBS/xinan/xinan/search.action
2017-06-09 14:22:00 DEBUG LoggerFilter:67 - [Reuqest] ContentType=application/x-www-form-urlencoded
2017-06-09 14:22:00 DEBUG LoggerFilter:75 - 	 [Parameter] Cname=
2017-06-09 14:22:00 DEBUG LoggerFilter:75 - 	 [Parameter] NapaId=
2017-06-09 14:22:00 DEBUG SearchAction:37 - ############login#########
2017-06-09 14:22:00 DEBUG Criteria:263 - SELECT NAPAId,SECURITY,CNAME,SUBCNAME,ADDRESS FROM NAPA_STORES_TBL
2017-06-09 14:22:00 DEBUG Criteria:295 - Fetch Result : 13 件
2017-06-09 14:22:00 DEBUG LoggerFilter:59 - Status Code: 200
2017-06-09 14:22:01 DEBUG LoggerFilter:66 - [Reuqest] URI=/WBS/assets/i/favicon.png
2017-06-09 14:22:01 DEBUG LoggerFilter:67 - [Reuqest] ContentType=null
2017-06-09 14:22:01 DEBUG LoggerFilter:59 - Status Code: 200
2017-06-09 14:22:08 DEBUG LoggerFilter:66 - [Reuqest] URI=/WBS/xinan/xinan/search.action
2017-06-09 14:22:08 DEBUG LoggerFilter:67 - [Reuqest] ContentType=application/x-www-form-urlencoded
2017-06-09 14:22:08 DEBUG LoggerFilter:75 - 	 [Parameter] Cname=
2017-06-09 14:22:08 DEBUG LoggerFilter:75 - 	 [Parameter] NapaId=
2017-06-09 14:22:08 DEBUG SearchAction:37 - ############login#########
2017-06-09 14:22:08 DEBUG Criteria:263 - SELECT NAPAId,SECURITY,CNAME,SUBCNAME,ADDRESS FROM NAPA_STORES_TBL
2017-06-09 14:22:08 DEBUG Criteria:295 - Fetch Result : 13 件
2017-06-09 14:22:08 DEBUG LoggerFilter:59 - Status Code: 200
2017-06-09 14:22:08 DEBUG LoggerFilter:66 - [Reuqest] URI=/WBS/assets/i/favicon.png
2017-06-09 14:22:08 DEBUG LoggerFilter:67 - [Reuqest] ContentType=null
2017-06-09 14:22:08 DEBUG LoggerFilter:59 - Status Code: 200
2017-06-09 14:29:27 DEBUG LoggerFilter:66 - [Reuqest] URI=/WBS/xinan/xinan/search.action
2017-06-09 14:29:27 DEBUG LoggerFilter:67 - [Reuqest] ContentType=application/x-www-form-urlencoded
2017-06-09 14:29:27 DEBUG LoggerFilter:75 - 	 [Parameter] Cname=
2017-06-09 14:29:27 DEBUG LoggerFilter:75 - 	 [Parameter] NapaId=
2017-06-09 14:29:27 DEBUG SearchAction:37 - ############login#########
2017-06-09 14:29:27 DEBUG Criteria:263 - SELECT NAPAId,SECURITY,CNAME,SUBCNAME,ADDRESS FROM NAPA_STORES_TBL
2017-06-09 14:29:27 DEBUG Criteria:295 - Fetch Result : 13 件
2017-06-09 14:29:28 DEBUG LoggerFilter:59 - Status Code: 200
2017-06-09 14:29:28 DEBUG LoggerFilter:66 - [Reuqest] URI=/WBS/assets/i/favicon.png
2017-06-09 14:29:28 DEBUG LoggerFilter:67 - [Reuqest] ContentType=null
2017-06-09 14:29:28 DEBUG LoggerFilter:59 - Status Code: 200
2017-06-09 15:22:49 DEBUG LoggerFilter:66 - [Reuqest] URI=/WBS/xinan/xinan/search.action
2017-06-09 15:22:49 DEBUG LoggerFilter:67 - [Reuqest] ContentType=application/x-www-form-urlencoded
2017-06-09 15:22:49 DEBUG LoggerFilter:75 - 	 [Parameter] Cname=
2017-06-09 15:22:49 DEBUG LoggerFilter:75 - 	 [Parameter] NapaId=
2017-06-09 15:22:49 DEBUG SearchAction:37 - ############login#########
2017-06-09 15:22:49 DEBUG Criteria:263 - SELECT NAPAId,SECURITY,CNAME,SUBCNAME,ADDRESS FROM NAPA_STORES_TBL
2017-06-09 15:22:49 DEBUG Criteria:295 - Fetch Result : 13 件
2017-06-09 15:22:50 DEBUG LoggerFilter:59 - Status Code: 200
2017-06-09 15:22:51 DEBUG LoggerFilter:66 - [Reuqest] URI=/WBS/assets/i/favicon.png
2017-06-09 15:22:51 DEBUG LoggerFilter:67 - [Reuqest] ContentType=null
2017-06-09 15:22:51 DEBUG LoggerFilter:59 - Status Code: 200
2017-06-09 15:22:51 DEBUG LoggerFilter:66 - [Reuqest] URI=/WBS/xinan/xinan/xinan/CreateAction.action
2017-06-09 15:22:51 DEBUG LoggerFilter:67 - [Reuqest] ContentType=null
2017-06-09 15:22:52 DEBUG LoggerFilter:59 - Status Code: 404
2017-06-09 15:23:21 DEBUG LoggerFilter:66 - [Reuqest] URI=/WBS/xinan/index.jsp
2017-06-09 15:23:21 DEBUG LoggerFilter:67 - [Reuqest] ContentType=null
2017-06-09 15:23:22 DEBUG LoggerFilter:59 - Status Code: 200
2017-06-09 15:23:23 DEBUG LoggerFilter:66 - [Reuqest] URI=/WBS/xinan/xinan/login.action
2017-06-09 15:23:23 DEBUG LoggerFilter:67 - [Reuqest] ContentType=application/x-www-form-urlencoded
2017-06-09 15:23:24 DEBUG LoggerFilter:75 - 	 [Parameter] login=?????¤
2017-06-09 15:23:24 DEBUG LoggerFilter:75 - 	 [Parameter] passWord=
2017-06-09 15:23:24 DEBUG LoggerFilter:75 - 	 [Parameter] rememberMe=on
2017-06-09 15:23:24 DEBUG LoggerFilter:75 - 	 [Parameter] userId=
2017-06-09 15:23:24 DEBUG LoginAction:92 - ############login#########
2017-06-09 15:23:24 DEBUG Criteria:263 - SELECT NAPAId,SECURITY,CNAME,SUBCNAME,ADDRESS FROM NAPA_STORES_TBL
2017-06-09 15:23:24 DEBUG Criteria:295 - Fetch Result : 13 件
2017-06-09 15:23:24 DEBUG LoggerFilter:59 - Status Code: 200
2017-06-09 15:23:26 DEBUG LoggerFilter:66 - [Reuqest] URI=/WBS/xinan/xinan/xinan/CreateAction.action
2017-06-09 15:23:26 DEBUG LoggerFilter:67 - [Reuqest] ContentType=null
2017-06-09 15:23:26 DEBUG CreateAction:35 - ############login#########
2017-06-09 15:23:27 DEBUG LoggerFilter:59 - Status Code: 200
2017-06-09 15:23:35 DEBUG LoggerFilter:66 - [Reuqest] URI=/WBS/xinan/xinan/xinan/CreateAction.action
2017-06-09 15:23:35 DEBUG LoggerFilter:67 - [Reuqest] ContentType=null
2017-06-09 15:23:35 DEBUG CreateAction:35 - ############login#########
2017-06-09 15:23:35 DEBUG LoggerFilter:59 - Status Code: 200
2017-06-09 15:23:38 DEBUG LoggerFilter:66 - [Reuqest] URI=/WBS/xinan/xinan/xinan/CreateAction.action
2017-06-09 15:23:38 DEBUG LoggerFilter:67 - [Reuqest] ContentType=null
2017-06-09 15:23:38 DEBUG CreateAction:35 - ############login#########
2017-06-09 15:23:38 DEBUG LoggerFilter:59 - Status Code: 200
2017-06-09 16:08:38 DEBUG LoggerFilter:66 - [Reuqest] URI=/WBS/xinan/index.jsp
2017-06-09 16:08:38 DEBUG LoggerFilter:67 - [Reuqest] ContentType=null
2017-06-09 16:08:38 DEBUG LoggerFilter:59 - Status Code: 200
2017-06-09 16:08:39 DEBUG LoggerFilter:66 - [Reuqest] URI=/WBS/xinan/xinan/login.action
2017-06-09 16:08:39 DEBUG LoggerFilter:67 - [Reuqest] ContentType=application/x-www-form-urlencoded
2017-06-09 16:08:39 DEBUG LoggerFilter:75 - 	 [Parameter] login=?????¤
2017-06-09 16:08:39 DEBUG LoggerFilter:75 - 	 [Parameter] passWord=
2017-06-09 16:08:39 DEBUG LoggerFilter:75 - 	 [Parameter] rememberMe=on
2017-06-09 16:08:39 DEBUG LoggerFilter:75 - 	 [Parameter] userId=
2017-06-09 16:08:39 DEBUG LoginAction:92 - ############login#########
2017-06-09 16:08:39 DEBUG Criteria:263 - SELECT NAPAId,SECURITY,CNAME,SUBCNAME,ADDRESS FROM NAPA_STORES_TBL
2017-06-09 16:08:39 DEBUG Criteria:295 - Fetch Result : 13 件
2017-06-09 16:08:41 DEBUG LoggerFilter:59 - Status Code: 200
2017-06-09 16:08:43 DEBUG LoggerFilter:66 - [Reuqest] URI=/WBS/xinan/xinan/xinan/CreateAction.action
2017-06-09 16:08:43 DEBUG LoggerFilter:67 - [Reuqest] ContentType=null
2017-06-09 16:08:43 DEBUG CreateAction:37 - ############login#########
2017-06-09 16:08:43 DEBUG Criteria:263 - SELECT NAPAId,SECURITY,CNAME,SUBCNAME,ADDRESS FROM NAPA_STORES_TBL
2017-06-09 16:08:43 DEBUG Criteria:295 - Fetch Result : 13 件
2017-06-09 16:08:43 DEBUG LoggerFilter:59 - Status Code: 200
2017-06-09 16:08:57 DEBUG LoggerFilter:66 - [Reuqest] URI=/WBS/xinan/xinan/xinan/CreateAction.action
2017-06-09 16:08:57 DEBUG LoggerFilter:67 - [Reuqest] ContentType=null
2017-06-09 16:08:57 DEBUG CreateAction:37 - ############login#########
2017-06-09 16:08:57 DEBUG Criteria:263 - SELECT NAPAId,SECURITY,CNAME,SUBCNAME,ADDRESS FROM NAPA_STORES_TBL
2017-06-09 16:08:57 DEBUG Criteria:295 - Fetch Result : 13 件
2017-06-09 16:08:57 DEBUG LoggerFilter:59 - Status Code: 200
2017-06-09 16:09:04 DEBUG LoggerFilter:66 - [Reuqest] URI=/WBS/xinan/xinan/xinan/CreateAction.action
2017-06-09 16:09:04 DEBUG LoggerFilter:67 - [Reuqest] ContentType=null
2017-06-09 16:09:04 DEBUG CreateAction:37 - ############login#########
2017-06-09 16:09:04 DEBUG Criteria:263 - SELECT NAPAId,SECURITY,CNAME,SUBCNAME,ADDRESS FROM NAPA_STORES_TBL
2017-06-09 16:09:05 DEBUG Criteria:295 - Fetch Result : 13 件
2017-06-09 16:09:05 DEBUG LoggerFilter:59 - Status Code: 200
2017-06-09 16:09:09 DEBUG LoggerFilter:66 - [Reuqest] URI=/WBS/xinan/xinan/xinan/CreateAction.action
2017-06-09 16:09:09 DEBUG LoggerFilter:67 - [Reuqest] ContentType=null
2017-06-09 16:09:09 DEBUG CreateAction:37 - ############login#########
2017-06-09 16:09:09 DEBUG Criteria:263 - SELECT NAPAId,SECURITY,CNAME,SUBCNAME,ADDRESS FROM NAPA_STORES_TBL
2017-06-09 16:09:09 DEBUG Criteria:295 - Fetch Result : 13 件
2017-06-09 16:09:09 DEBUG LoggerFilter:59 - Status Code: 200
2017-06-09 16:09:13 DEBUG LoggerFilter:66 - [Reuqest] URI=/WBS/xinan/xinan/xinan/CreateAction.action
2017-06-09 16:09:13 DEBUG LoggerFilter:67 - [Reuqest] ContentType=null
2017-06-09 16:09:13 DEBUG CreateAction:37 - ############login#########
2017-06-09 16:09:13 DEBUG Criteria:263 - SELECT NAPAId,SECURITY,CNAME,SUBCNAME,ADDRESS FROM NAPA_STORES_TBL
2017-06-09 16:09:13 DEBUG Criteria:295 - Fetch Result : 13 件
2017-06-09 16:09:14 DEBUG LoggerFilter:59 - Status Code: 200
2017-06-09 16:09:29 DEBUG LoggerFilter:66 - [Reuqest] URI=/WBS/xinan/xinan/xinan/CreateAction.action
2017-06-09 16:09:29 DEBUG LoggerFilter:67 - [Reuqest] ContentType=null
2017-06-09 16:09:29 DEBUG CreateAction:37 - ############login#########
2017-06-09 16:09:29 DEBUG Criteria:263 - SELECT NAPAId,SECURITY,CNAME,SUBCNAME,ADDRESS FROM NAPA_STORES_TBL
2017-06-09 16:09:29 DEBUG Criteria:295 - Fetch Result : 13 件
2017-06-09 16:09:29 DEBUG LoggerFilter:59 - Status Code: 200
2017-06-09 16:09:32 DEBUG LoggerFilter:66 - [Reuqest] URI=/WBS/xinan/xinan/xinan/CreateAction.action
2017-06-09 16:09:32 DEBUG LoggerFilter:67 - [Reuqest] ContentType=null
2017-06-09 16:09:32 DEBUG CreateAction:37 - ############login#########
2017-06-09 16:09:32 DEBUG Criteria:263 - SELECT NAPAId,SECURITY,CNAME,SUBCNAME,ADDRESS FROM NAPA_STORES_TBL
2017-06-09 16:09:32 DEBUG Criteria:295 - Fetch Result : 13 件
2017-06-09 16:09:32 DEBUG LoggerFilter:59 - Status Code: 200
2017-06-09 16:09:34 DEBUG LoggerFilter:66 - [Reuqest] URI=/WBS/xinan/xinan/xinan/CreateAction.action
2017-06-09 16:09:34 DEBUG LoggerFilter:67 - [Reuqest] ContentType=null
2017-06-09 16:09:34 DEBUG CreateAction:37 - ############login#########
2017-06-09 16:09:34 DEBUG Criteria:263 - SELECT NAPAId,SECURITY,CNAME,SUBCNAME,ADDRESS FROM NAPA_STORES_TBL
2017-06-09 16:09:34 DEBUG Criteria:295 - Fetch Result : 13 件
2017-06-09 16:09:34 DEBUG LoggerFilter:59 - Status Code: 200
2017-06-09 16:09:36 DEBUG LoggerFilter:66 - [Reuqest] URI=/WBS/xinan/xinan/xinan/CreateAction.action
2017-06-09 16:09:36 DEBUG LoggerFilter:67 - [Reuqest] ContentType=null
2017-06-09 16:09:36 DEBUG CreateAction:37 - ############login#########
2017-06-09 16:09:36 DEBUG Criteria:263 - SELECT NAPAId,SECURITY,CNAME,SUBCNAME,ADDRESS FROM NAPA_STORES_TBL
2017-06-09 16:09:37 DEBUG Criteria:295 - Fetch Result : 13 件
2017-06-09 16:09:37 DEBUG LoggerFilter:59 - Status Code: 200
2017-06-09 16:11:25 DEBUG LoggerFilter:66 - [Reuqest] URI=/WBS/xinan/xinan/xinan/CreateAction.action
2017-06-09 16:11:25 DEBUG LoggerFilter:67 - [Reuqest] ContentType=null
2017-06-09 16:11:25 DEBUG CreateAction:37 - ############login#########
2017-06-09 16:11:25 DEBUG Criteria:263 - SELECT NAPAId,SECURITY,CNAME,SUBCNAME,ADDRESS FROM NAPA_STORES_TBL
2017-06-09 16:11:25 DEBUG Criteria:295 - Fetch Result : 13 件
2017-06-09 16:11:25 DEBUG LoggerFilter:59 - Status Code: 200
2017-06-09 16:11:33 DEBUG LoggerFilter:66 - [Reuqest] URI=/WBS/xinan/xinan/xinan/CreateAction.action
2017-06-09 16:11:33 DEBUG LoggerFilter:67 - [Reuqest] ContentType=null
2017-06-09 16:11:33 DEBUG CreateAction:37 - ############login#########
2017-06-09 16:11:33 DEBUG Criteria:263 - SELECT NAPAId,SECURITY,CNAME,SUBCNAME,ADDRESS FROM NAPA_STORES_TBL
2017-06-09 16:11:33 DEBUG Criteria:295 - Fetch Result : 13 件
2017-06-09 16:11:33 DEBUG LoggerFilter:59 - Status Code: 200
2017-06-09 16:11:36 DEBUG LoggerFilter:66 - [Reuqest] URI=/WBS/xinan/xinan/xinan/CreateAction.action
2017-06-09 16:11:36 DEBUG LoggerFilter:67 - [Reuqest] ContentType=null
2017-06-09 16:11:36 DEBUG CreateAction:37 - ############login#########
2017-06-09 16:11:36 DEBUG Criteria:263 - SELECT NAPAId,SECURITY,CNAME,SUBCNAME,ADDRESS FROM NAPA_STORES_TBL
2017-06-09 16:11:36 DEBUG Criteria:295 - Fetch Result : 13 件
2017-06-09 16:11:36 DEBUG LoggerFilter:59 - Status Code: 200
2017-06-09 16:11:46 DEBUG LoggerFilter:66 - [Reuqest] URI=/WBS/xinan/xinan/xinan/CreateAction.action
2017-06-09 16:11:46 DEBUG LoggerFilter:67 - [Reuqest] ContentType=null
2017-06-09 16:11:46 DEBUG CreateAction:37 - ############login#########
2017-06-09 16:11:46 DEBUG Criteria:263 - SELECT NAPAId,SECURITY,CNAME,SUBCNAME,ADDRESS FROM NAPA_STORES_TBL
2017-06-09 16:11:46 DEBUG Criteria:295 - Fetch Result : 13 件
2017-06-09 16:11:46 DEBUG LoggerFilter:59 - Status Code: 200
2017-06-09 16:11:48 DEBUG LoggerFilter:66 - [Reuqest] URI=/WBS/xinan/xinan/xinan/CreateAction.action
2017-06-09 16:11:48 DEBUG LoggerFilter:67 - [Reuqest] ContentType=null
2017-06-09 16:11:48 DEBUG CreateAction:37 - ############login#########
2017-06-09 16:11:48 DEBUG Criteria:263 - SELECT NAPAId,SECURITY,CNAME,SUBCNAME,ADDRESS FROM NAPA_STORES_TBL
2017-06-09 16:11:48 DEBUG Criteria:295 - Fetch Result : 13 件
2017-06-09 16:11:48 DEBUG LoggerFilter:59 - Status Code: 200
2017-06-09 16:11:51 DEBUG LoggerFilter:66 - [Reuqest] URI=/WBS/xinan/xinan/search.action
2017-06-09 16:11:51 DEBUG LoggerFilter:67 - [Reuqest] ContentType=application/x-www-form-urlencoded
2017-06-09 16:11:51 DEBUG LoggerFilter:75 - 	 [Parameter] Cname=
2017-06-09 16:11:51 DEBUG LoggerFilter:75 - 	 [Parameter] NapaId=
2017-06-09 16:11:51 DEBUG SearchAction:37 - ############login#########
2017-06-09 16:11:51 DEBUG Criteria:263 - SELECT NAPAId,SECURITY,CNAME,SUBCNAME,ADDRESS FROM NAPA_STORES_TBL
2017-06-09 16:11:51 DEBUG Criteria:295 - Fetch Result : 13 件
2017-06-09 16:11:51 DEBUG LoggerFilter:59 - Status Code: 200
2017-06-09 16:11:53 DEBUG LoggerFilter:66 - [Reuqest] URI=/WBS/xinan/xinan/xinan/CreateAction.action
2017-06-09 16:11:53 DEBUG LoggerFilter:67 - [Reuqest] ContentType=null
2017-06-09 16:11:53 DEBUG CreateAction:37 - ############login#########
2017-06-09 16:11:53 DEBUG Criteria:263 - SELECT NAPAId,SECURITY,CNAME,SUBCNAME,ADDRESS FROM NAPA_STORES_TBL
2017-06-09 16:11:53 DEBUG Criteria:295 - Fetch Result : 13 件
2017-06-09 16:11:53 DEBUG LoggerFilter:59 - Status Code: 200
2017-06-09 16:12:32 DEBUG LoggerFilter:66 - [Reuqest] URI=/WBS/xinan/xinan/search.action
2017-06-09 16:12:32 DEBUG LoggerFilter:67 - [Reuqest] ContentType=null
2017-06-09 16:12:32 DEBUG SearchAction:37 - ############login#########
2017-06-09 16:12:32 TRACE LoggerFilter:56 - java.lang.NullPointerException
	at jp.newpulse.action.search.SearchAction.execute(SearchAction.java:39)
	at sun.reflect.NativeMethodAccessorImpl.invoke0(Native Method)
	at sun.reflect.NativeMethodAccessorImpl.invoke(NativeMethodAccessorImpl.java:62)
	at sun.reflect.DelegatingMethodAccessorImpl.invoke(DelegatingMethodAccessorImpl.java:43)
	at java.lang.reflect.Method.invoke(Method.java:498)
	at com.opensymphony.xwork2.DefaultActionInvocation.invokeAction(DefaultActionInvocation.java:441)
	at com.opensymphony.xwork2.DefaultActionInvocation.invokeActionOnly(DefaultActionInvocation.java:280)
	at com.opensymphony.xwork2.DefaultActionInvocation.invoke(DefaultActionInvocation.java:243)
	at com.opensymphony.xwork2.interceptor.DefaultWorkflowInterceptor.doIntercept(DefaultWorkflowInterceptor.java:165)
	at com.opensymphony.xwork2.interceptor.MethodFilterInterceptor.intercept(MethodFilterInterceptor.java:87)
	at com.opensymphony.xwork2.DefaultActionInvocation.invoke(DefaultActionInvocation.java:237)
	at com.opensymphony.xwork2.validator.ValidationInterceptor.doIntercept(ValidationInterceptor.java:252)
	at org.apache.struts2.interceptor.validation.AnnotationValidationInterceptor.doIntercept(AnnotationValidationInterceptor.java:68)
	at com.opensymphony.xwork2.interceptor.MethodFilterInterceptor.intercept(MethodFilterInterceptor.java:87)
	at com.opensymphony.xwork2.DefaultActionInvocation.invoke(DefaultActionInvocation.java:237)
	at com.opensymphony.xwork2.interceptor.ConversionErrorInterceptor.intercept(ConversionErrorInterceptor.java:122)
	at com.opensymphony.xwork2.DefaultActionInvocation.invoke(DefaultActionInvocation.java:237)
	at com.opensymphony.xwork2.interceptor.ParametersInterceptor.doIntercept(ParametersInterceptor.java:195)
	at com.opensymphony.xwork2.interceptor.MethodFilterInterceptor.intercept(MethodFilterInterceptor.java:87)
	at com.opensymphony.xwork2.DefaultActionInvocation.invoke(DefaultActionInvocation.java:237)
	at com.opensymphony.xwork2.interceptor.ParametersInterceptor.doIntercept(ParametersInterceptor.java:195)
	at com.opensymphony.xwork2.interceptor.MethodFilterInterceptor.intercept(MethodFilterInterceptor.java:87)
	at com.opensymphony.xwork2.DefaultActionInvocation.invoke(DefaultActionInvocation.java:237)
	at com.opensymphony.xwork2.interceptor.StaticParametersInterceptor.intercept(StaticParametersInterceptor.java:179)
	at com.opensymphony.xwork2.DefaultActionInvocation.invoke(DefaultActionInvocation.java:237)
	at org.apache.struts2.interceptor.MultiselectInterceptor.intercept(MultiselectInterceptor.java:75)
	at com.opensymphony.xwork2.DefaultActionInvocation.invoke(DefaultActionInvocation.java:237)
	at org.apache.struts2.interceptor.CheckboxInterceptor.intercept(CheckboxInterceptor.java:94)
	at com.opensymphony.xwork2.DefaultActionInvocation.invoke(DefaultActionInvocation.java:237)
	at org.apache.struts2.interceptor.FileUploadInterceptor.intercept(FileUploadInterceptor.java:235)
	at com.opensymphony.xwork2.DefaultActionInvocation.invoke(DefaultActionInvocation.java:237)
	at com.opensymphony.xwork2.interceptor.ModelDrivenInterceptor.intercept(ModelDrivenInterceptor.java:89)
	at com.opensymphony.xwork2.DefaultActionInvocation.invoke(DefaultActionInvocation.java:237)
	at com.opensymphony.xwork2.interceptor.ScopedModelDrivenInterceptor.intercept(ScopedModelDrivenInterceptor.java:130)
	at com.opensymphony.xwork2.DefaultActionInvocation.invoke(DefaultActionInvocation.java:237)
	at org.apache.struts2.interceptor.debugging.DebuggingInterceptor.intercept(DebuggingInterceptor.java:267)
	at com.opensymphony.xwork2.DefaultActionInvocation.invoke(DefaultActionInvocation.java:237)
	at com.opensymphony.xwork2.interceptor.ChainingInterceptor.intercept(ChainingInterceptor.java:126)
	at com.opensymphony.xwork2.DefaultActionInvocation.invoke(DefaultActionInvocation.java:237)
	at com.opensymphony.xwork2.interceptor.PrepareInterceptor.doIntercept(PrepareInterceptor.java:138)
	at com.opensymphony.xwork2.interceptor.MethodFilterInterceptor.intercept(MethodFilterInterceptor.java:87)
	at com.opensymphony.xwork2.DefaultActionInvocation.invoke(DefaultActionInvocation.java:237)
	at com.opensymphony.xwork2.interceptor.I18nInterceptor.intercept(I18nInterceptor.java:165)
	at com.opensymphony.xwork2.DefaultActionInvocation.invoke(DefaultActionInvocation.java:237)
	at org.apache.struts2.interceptor.ServletConfigInterceptor.intercept(ServletConfigInterceptor.java:164)
	at com.opensymphony.xwork2.DefaultActionInvocation.invoke(DefaultActionInvocation.java:237)
	at com.opensymphony.xwork2.interceptor.AliasInterceptor.intercept(AliasInterceptor.java:179)
	at com.opensymphony.xwork2.DefaultActionInvocation.invoke(DefaultActionInvocation.java:237)
	at com.opensymphony.xwork2.interceptor.ExceptionMappingInterceptor.intercept(ExceptionMappingInterceptor.java:176)
	at com.opensymphony.xwork2.DefaultActionInvocation.invoke(DefaultActionInvocation.java:237)
	at org.apache.struts2.impl.StrutsActionProxy.execute(StrutsActionProxy.java:52)
	at org.apache.struts2.dispatcher.Dispatcher.serviceAction(Dispatcher.java:488)
	at org.apache.struts2.dispatcher.ng.ExecuteOperations.executeAction(ExecuteOperations.java:77)
	at org.apache.struts2.dispatcher.ng.filter.StrutsPrepareAndExecuteFilter.doFilter(StrutsPrepareAndExecuteFilter.java:91)
	at org.apache.catalina.core.ApplicationFilterChain.internalDoFilter(ApplicationFilterChain.java:240)
	at org.apache.catalina.core.ApplicationFilterChain.doFilter(ApplicationFilterChain.java:207)
	at com.np.order.action.LoggerFilter.doFilter(LoggerFilter.java:45)
	at org.apache.catalina.core.ApplicationFilterChain.internalDoFilter(ApplicationFilterChain.java:240)
	at org.apache.catalina.core.ApplicationFilterChain.doFilter(ApplicationFilterChain.java:207)
	at org.apache.catalina.core.StandardWrapperValve.invoke(StandardWrapperValve.java:212)
	at org.apache.catalina.core.StandardContextValve.invoke(StandardContextValve.java:94)
	at org.apache.catalina.authenticator.AuthenticatorBase.invoke(AuthenticatorBase.java:504)
	at org.apache.catalina.core.StandardHostValve.invoke(StandardHostValve.java:141)
	at org.apache.catalina.valves.ErrorReportValve.invoke(ErrorReportValve.java:79)
	at org.apache.catalina.valves.AbstractAccessLogValve.invoke(AbstractAccessLogValve.java:620)
	at org.apache.catalina.core.StandardEngineValve.invoke(StandardEngineValve.java:88)
	at org.apache.catalina.connector.CoyoteAdapter.service(CoyoteAdapter.java:502)
	at org.apache.coyote.http11.AbstractHttp11Processor.process(AbstractHttp11Processor.java:1132)
	at org.apache.coyote.AbstractProtocol$AbstractConnectionHandler.process(AbstractProtocol.java:684)
	at org.apache.tomcat.util.net.NioEndpoint$SocketProcessor.doRun(NioEndpoint.java:1533)
	at org.apache.tomcat.util.net.NioEndpoint$SocketProcessor.run(NioEndpoint.java:1489)
	at java.util.concurrent.ThreadPoolExecutor.runWorker(ThreadPoolExecutor.java:1142)
	at java.util.concurrent.ThreadPoolExecutor$Worker.run(ThreadPoolExecutor.java:617)
	at org.apache.tomcat.util.threads.TaskThread$WrappingRunnable.run(TaskThread.java:61)
	at java.lang.Thread.run(Thread.java:748)

2017-06-09 16:12:32 DEBUG LoggerFilter:59 - Status Code: 500
2017-06-09 16:12:37 DEBUG LoggerFilter:66 - [Reuqest] URI=/WBS/xinan/xinan/xinan/CreateAction.action
2017-06-09 16:12:37 DEBUG LoggerFilter:67 - [Reuqest] ContentType=null
2017-06-09 16:12:37 DEBUG CreateAction:37 - ############login#########
2017-06-09 16:12:37 DEBUG Criteria:263 - SELECT NAPAId,SECURITY,CNAME,SUBCNAME,ADDRESS FROM NAPA_STORES_TBL
2017-06-09 16:12:37 DEBUG Criteria:295 - Fetch Result : 13 件
2017-06-09 16:12:37 DEBUG LoggerFilter:59 - Status Code: 200
2017-06-09 16:12:39 DEBUG LoggerFilter:66 - [Reuqest] URI=/WBS/xinan/xinan/xinan/CreateAction.action
2017-06-09 16:12:39 DEBUG LoggerFilter:67 - [Reuqest] ContentType=null
2017-06-09 16:12:39 DEBUG CreateAction:37 - ############login#########
2017-06-09 16:12:39 DEBUG Criteria:263 - SELECT NAPAId,SECURITY,CNAME,SUBCNAME,ADDRESS FROM NAPA_STORES_TBL
2017-06-09 16:12:39 DEBUG Criteria:295 - Fetch Result : 13 件
2017-06-09 16:12:39 DEBUG LoggerFilter:59 - Status Code: 200
2017-06-09 16:12:42 DEBUG LoggerFilter:66 - [Reuqest] URI=/WBS/xinan/xinan/xinan/CreateAction.action
2017-06-09 16:12:42 DEBUG LoggerFilter:67 - [Reuqest] ContentType=null
2017-06-09 16:12:42 DEBUG CreateAction:37 - ############login#########
2017-06-09 16:12:42 DEBUG Criteria:263 - SELECT NAPAId,SECURITY,CNAME,SUBCNAME,ADDRESS FROM NAPA_STORES_TBL
2017-06-09 16:12:42 DEBUG Criteria:295 - Fetch Result : 13 件
2017-06-09 16:12:42 DEBUG LoggerFilter:59 - Status Code: 200
2017-06-09 16:12:45 DEBUG LoggerFilter:66 - [Reuqest] URI=/WBS/xinan/xinan/xinan/CreateAction.action
2017-06-09 16:12:45 DEBUG LoggerFilter:67 - [Reuqest] ContentType=null
2017-06-09 16:12:45 DEBUG CreateAction:37 - ############login#########
2017-06-09 16:12:45 DEBUG Criteria:263 - SELECT NAPAId,SECURITY,CNAME,SUBCNAME,ADDRESS FROM NAPA_STORES_TBL
2017-06-09 16:12:45 DEBUG Criteria:295 - Fetch Result : 13 件
2017-06-09 16:12:45 DEBUG LoggerFilter:59 - Status Code: 200
2017-06-09 16:12:47 DEBUG LoggerFilter:66 - [Reuqest] URI=/WBS/xinan/xinan/xinan/CreateAction.action
2017-06-09 16:12:47 DEBUG LoggerFilter:67 - [Reuqest] ContentType=null
2017-06-09 16:12:47 DEBUG CreateAction:37 - ############login#########
2017-06-09 16:12:47 DEBUG Criteria:263 - SELECT NAPAId,SECURITY,CNAME,SUBCNAME,ADDRESS FROM NAPA_STORES_TBL
2017-06-09 16:12:47 DEBUG Criteria:295 - Fetch Result : 13 件
2017-06-09 16:12:47 DEBUG LoggerFilter:59 - Status Code: 200
2017-06-09 16:12:50 DEBUG LoggerFilter:66 - [Reuqest] URI=/WBS/xinan/xinan/xinan/CreateAction.action
2017-06-09 16:12:50 DEBUG LoggerFilter:67 - [Reuqest] ContentType=null
2017-06-09 16:12:50 DEBUG CreateAction:37 - ############login#########
2017-06-09 16:12:50 DEBUG Criteria:263 - SELECT NAPAId,SECURITY,CNAME,SUBCNAME,ADDRESS FROM NAPA_STORES_TBL
2017-06-09 16:12:50 DEBUG Criteria:295 - Fetch Result : 13 件
2017-06-09 16:12:50 DEBUG LoggerFilter:59 - Status Code: 200
2017-06-09 16:12:51 DEBUG LoggerFilter:66 - [Reuqest] URI=/WBS/xinan/xinan/xinan/CreateAction.action
2017-06-09 16:12:51 DEBUG LoggerFilter:67 - [Reuqest] ContentType=null
2017-06-09 16:12:51 DEBUG CreateAction:37 - ############login#########
2017-06-09 16:12:51 DEBUG Criteria:263 - SELECT NAPAId,SECURITY,CNAME,SUBCNAME,ADDRESS FROM NAPA_STORES_TBL
2017-06-09 16:12:51 DEBUG Criteria:295 - Fetch Result : 13 件
2017-06-09 16:12:51 DEBUG LoggerFilter:59 - Status Code: 200
2017-06-09 16:12:53 DEBUG LoggerFilter:66 - [Reuqest] URI=/WBS/xinan/xinan/xinan/CreateAction.action
2017-06-09 16:12:53 DEBUG LoggerFilter:67 - [Reuqest] ContentType=null
2017-06-09 16:12:53 DEBUG CreateAction:37 - ############login#########
2017-06-09 16:12:53 DEBUG Criteria:263 - SELECT NAPAId,SECURITY,CNAME,SUBCNAME,ADDRESS FROM NAPA_STORES_TBL
2017-06-09 16:12:55 DEBUG LoggerFilter:66 - [Reuqest] URI=/WBS/xinan/xinan/xinan/CreateAction.action
2017-06-09 16:12:55 DEBUG LoggerFilter:67 - [Reuqest] ContentType=null
2017-06-09 16:12:55 DEBUG CreateAction:37 - ############login#########
2017-06-09 16:12:55 DEBUG Criteria:263 - SELECT NAPAId,SECURITY,CNAME,SUBCNAME,ADDRESS FROM NAPA_STORES_TBL
2017-06-09 16:13:00 DEBUG Criteria:295 - Fetch Result : 13 件
2017-06-09 16:13:00 DEBUG LoggerFilter:59 - Status Code: 200
2017-06-09 16:13:00 DEBUG Criteria:295 - Fetch Result : 13 件
2017-06-09 16:13:00 DEBUG LoggerFilter:59 - Status Code: 200
2017-06-09 16:13:09 DEBUG LoggerFilter:66 - [Reuqest] URI=/WBS/xinan/xinan/xinan/CreateAction.action
2017-06-09 16:13:09 DEBUG LoggerFilter:67 - [Reuqest] ContentType=null
2017-06-09 16:13:09 DEBUG CreateAction:37 - ############login#########
2017-06-09 16:13:09 DEBUG Criteria:263 - SELECT NAPAId,SECURITY,CNAME,SUBCNAME,ADDRESS FROM NAPA_STORES_TBL
2017-06-09 16:13:09 DEBUG Criteria:295 - Fetch Result : 13 件
2017-06-09 16:13:09 DEBUG LoggerFilter:59 - Status Code: 200
